Running Mocap-Run with num_modes=0 for seed 3
Job ID: 3831007, Array Task ID: 3
Namespace(batch_size=12, case='run', config_by_file='configs/mocap_run_modes0_seed3.json', cuda=True, data_dir='motion/dataset', decoder_layer=1, delta_frame=30, dropout=0.5, epochs=2000, exp_name='mocap_run_modes0_seed3', flat=False, interaction_layer=3, lambda_link=1, log_interval=1, lr=0.0005, max_training_samples=200, model='egno', n_cluster=3, n_layers=6, nf=128, no_cuda=False, num_modes=0, num_timesteps=5, outf='exp_results', pooling_layer=3, seed=3, test_interval=5, time_emb_dim=32, weight_decay=1e-10)
Got Split!
Got 200 samples!
Got Split!
Got 240 samples!
Got Split!
Got 240 samples!
EGNO(
  (layers): ModuleList(
    (0-5): 6 x EGNN_Layer(
      (edge_message_net): InvariantScalarNet(
        (activation): SiLU()
        (scalar_net): BaseMLP(
          (mlp): Sequential(
            (0): Linear(in_features=259, out_features=128, bias=True)
            (1): SiLU()
            (2): Linear(in_features=128, out_features=128, bias=True)
            (3): SiLU()
          )
        )
      )
      (coord_net): BaseMLP(
        (mlp): Sequential(
          (0): Linear(in_features=128, out_features=128, bias=True)
          (1): SiLU()
          (2): Linear(in_features=128, out_features=1, bias=True)
        )
      )
      (node_v_net): BaseMLP(
        (mlp): Sequential(
          (0): Linear(in_features=128, out_features=128, bias=True)
          (1): SiLU()
          (2): Linear(in_features=128, out_features=1, bias=True)
        )
      )
      (node_net): BaseMLP(
        (mlp): Sequential(
          (0): Linear(in_features=256, out_features=128, bias=True)
          (1): SiLU()
          (2): Linear(in_features=128, out_features=128, bias=True)
        )
      )
    )
  )
  (embedding): Linear(in_features=34, out_features=128, bias=True)
  (time_conv_modules): ModuleList(
    (0-5): 6 x TimeConv(
      (t_conv): SpectralConv1d()
      (act): LeakyReLU(negative_slope=0.01)
    )
  )
  (time_conv_x_modules): ModuleList(
    (0-5): 6 x TimeConv_x(
      (t_conv): SpectralConv1d_x()
    )
  )
)
Model saved to exp_results/mocap_run_modes0_seed3/saved_model.pth
train epoch 0 avg loss: 84945.56960 (A-MSE: 85087.32331) avg lploss: 0.00000
==> val epoch 0 avg loss: 26688.44043 (A-MSE: 25329.29355) avg lploss: 0.00000
==> test epoch 0 avg loss: 26000.36191 (A-MSE: 24734.25439) avg lploss: 0.00000
*** Best Val Loss: 26688.44043 	 Best Test Loss: 26000.36191 	 Best epoch 0
Validation loss decreased (inf --> 26688.440430).  Saving model ...
train epoch 1 avg loss: 36915.67920 (A-MSE: 34751.29077) avg lploss: 0.00000
train epoch 2 avg loss: 54393.66064 (A-MSE: 63614.96338) avg lploss: 0.00000
train epoch 3 avg loss: 35662.94214 (A-MSE: 36774.46472) avg lploss: 0.00000
train epoch 4 avg loss: 48577.44983 (A-MSE: 54658.29321) avg lploss: 0.00000
train epoch 5 avg loss: 33120.63696 (A-MSE: 36534.50464) avg lploss: 0.00000
==> val epoch 5 avg loss: 50576.72949 (A-MSE: 75011.71680) avg lploss: 0.00000
==> test epoch 5 avg loss: 48437.22852 (A-MSE: 72935.16953) avg lploss: 0.00000
*** Best Val Loss: 26688.44043 	 Best Test Loss: 26000.36191 	 Best epoch 0
EarlyStopping counter: 1 out of 50
train epoch 6 avg loss: 46169.41028 (A-MSE: 51064.17542) avg lploss: 0.00000
train epoch 7 avg loss: 75675.50098 (A-MSE: 80808.57422) avg lploss: 0.00000
train epoch 8 avg loss: 112541.10547 (A-MSE: 123569.68604) avg lploss: 0.00000
train epoch 9 avg loss: 72030.52563 (A-MSE: 74572.38135) avg lploss: 0.00000
train epoch 10 avg loss: 61954.27197 (A-MSE: 64908.76318) avg lploss: 0.00000
==> val epoch 10 avg loss: 71141.85859 (A-MSE: 77390.06309) avg lploss: 0.00000
==> test epoch 10 avg loss: 77766.36523 (A-MSE: 81993.29922) avg lploss: 0.00000
*** Best Val Loss: 26688.44043 	 Best Test Loss: 26000.36191 	 Best epoch 0
EarlyStopping counter: 2 out of 50
train epoch 11 avg loss: 155324.29224 (A-MSE: 161897.76587) avg lploss: 0.00000
train epoch 12 avg loss: 378446.27124 (A-MSE: 431459.54468) avg lploss: 0.00000
train epoch 13 avg loss: 257956.46851 (A-MSE: 282043.91577) avg lploss: 0.00000
train epoch 14 avg loss: 537840.68994 (A-MSE: 559019.93555) avg lploss: 0.00000
train epoch 15 avg loss: 505458.87207 (A-MSE: 523906.39453) avg lploss: 0.00000
==> val epoch 15 avg loss: 1380314.50625 (A-MSE: 1532049.66875) avg lploss: 0.00000
==> test epoch 15 avg loss: 868125.48750 (A-MSE: 891722.67500) avg lploss: 0.00000
*** Best Val Loss: 26688.44043 	 Best Test Loss: 26000.36191 	 Best epoch 0
EarlyStopping counter: 3 out of 50
train epoch 16 avg loss: 685169.13574 (A-MSE: 717829.31543) avg lploss: 0.00000
train epoch 17 avg loss: 112632.04175 (A-MSE: 116295.13940) avg lploss: 0.00000
train epoch 18 avg loss: 65980.76831 (A-MSE: 66833.85791) avg lploss: 0.00000
train epoch 19 avg loss: 51637.44092 (A-MSE: 50093.31006) avg lploss: 0.00000
train epoch 20 avg loss: 42551.05786 (A-MSE: 40988.73096) avg lploss: 0.00000
==> val epoch 20 avg loss: 43854.85508 (A-MSE: 41526.37793) avg lploss: 0.00000
==> test epoch 20 avg loss: 42612.85918 (A-MSE: 40656.96348) avg lploss: 0.00000
*** Best Val Loss: 26688.44043 	 Best Test Loss: 26000.36191 	 Best epoch 0
EarlyStopping counter: 4 out of 50
train epoch 21 avg loss: 41714.50171 (A-MSE: 40740.70654) avg lploss: 0.00000
train epoch 22 avg loss: 50051.77783 (A-MSE: 47999.83081) avg lploss: 0.00000
train epoch 23 avg loss: 60984.67920 (A-MSE: 60384.21948) avg lploss: 0.00000
train epoch 24 avg loss: 74378.07812 (A-MSE: 74092.14893) avg lploss: 0.00000
train epoch 25 avg loss: 88842.26807 (A-MSE: 88925.32080) avg lploss: 0.00000
==> val epoch 25 avg loss: 97628.68359 (A-MSE: 97839.53750) avg lploss: 0.00000
==> test epoch 25 avg loss: 93929.54844 (A-MSE: 94210.01602) avg lploss: 0.00000
*** Best Val Loss: 26688.44043 	 Best Test Loss: 26000.36191 	 Best epoch 0
EarlyStopping counter: 5 out of 50
train epoch 26 avg loss: 100835.62695 (A-MSE: 5372992104.61475) avg lploss: 0.00000
train epoch 27 avg loss: 110483.09717 (A-MSE: 114070.23926) avg lploss: 0.00000
train epoch 28 avg loss: 1178514137.20068 (A-MSE: 1503693669.68457) avg lploss: 0.00000
train epoch 29 avg loss: 178978.85742 (A-MSE: 238790.31689) avg lploss: 0.00000
train epoch 30 avg loss: 105595.40039 (A-MSE: 115099.93408) avg lploss: 0.00000
==> val epoch 30 avg loss: 107172.98984 (A-MSE: 118197.06992) avg lploss: 0.00000
==> test epoch 30 avg loss: 102073.42500 (A-MSE: 112159.67539) avg lploss: 0.00000
*** Best Val Loss: 26688.44043 	 Best Test Loss: 26000.36191 	 Best epoch 0
EarlyStopping counter: 6 out of 50
train epoch 31 avg loss: 64123121737.86865 (A-MSE: 12824843072.96338) avg lploss: 0.00000
train epoch 32 avg loss: 105552.85010 (A-MSE: 118479.87695) avg lploss: 0.00000
train epoch 33 avg loss: 104201.53418 (A-MSE: 118311.57080) avg lploss: 0.00000
train epoch 34 avg loss: 101200.12646 (A-MSE: 117167.13574) avg lploss: 0.00000
train epoch 35 avg loss: 98294.76953 (A-MSE: 115570.25391) avg lploss: 0.00000
==> val epoch 35 avg loss: 98638.95234 (A-MSE: 116418.79375) avg lploss: 0.00000
==> test epoch 35 avg loss: 92273.59844 (A-MSE: 109140.51992) avg lploss: 0.00000
*** Best Val Loss: 26688.44043 	 Best Test Loss: 26000.36191 	 Best epoch 0
EarlyStopping counter: 7 out of 50
train epoch 36 avg loss: 95680.12500 (A-MSE: 113979.70020) avg lploss: 0.00000
train epoch 37 avg loss: 92604.62793 (A-MSE: 112121.99365) avg lploss: 0.00000
train epoch 38 avg loss: 90200.09326 (A-MSE: 110730.16797) avg lploss: 0.00000
train epoch 39 avg loss: 86938.73975 (A-MSE: 108214.97217) avg lploss: 0.00000
train epoch 40 avg loss: 84535.26953 (A-MSE: 106497.09229) avg lploss: 0.00000
==> val epoch 40 avg loss: 85467.61055 (A-MSE: 107389.34883) avg lploss: 0.00000
==> test epoch 40 avg loss: 80724.57187 (A-MSE: 101004.86797) avg lploss: 0.00000
*** Best Val Loss: 26688.44043 	 Best Test Loss: 26000.36191 	 Best epoch 0
EarlyStopping counter: 8 out of 50
train epoch 41 avg loss: 82111.02490 (A-MSE: 104247.11279) avg lploss: 0.00000
train epoch 42 avg loss: 79348.81445 (A-MSE: 102170.52002) avg lploss: 0.00000
train epoch 43 avg loss: 77322.55566 (A-MSE: 100334.87646) avg lploss: 0.00000
train epoch 44 avg loss: 74798.87402 (A-MSE: 5850773.04199) avg lploss: 0.00000
train epoch 45 avg loss: 72354.66504 (A-MSE: 95848.77539) avg lploss: 0.00000
==> val epoch 45 avg loss: 72726.67441 (A-MSE: 96607.60977) avg lploss: 0.00000
==> test epoch 45 avg loss: 69096.42949 (A-MSE: 91295.07656) avg lploss: 0.00000
*** Best Val Loss: 26688.44043 	 Best Test Loss: 26000.36191 	 Best epoch 0
EarlyStopping counter: 9 out of 50
train epoch 46 avg loss: 69919.42700 (A-MSE: 93815.34863) avg lploss: 0.00000
train epoch 47 avg loss: 67810.47144 (A-MSE: 91517.42773) avg lploss: 0.00000
train epoch 48 avg loss: 65814.01660 (A-MSE: 89554.27979) avg lploss: 0.00000
train epoch 49 avg loss: 82975.02197 (A-MSE: 92730.58398) avg lploss: 0.00000
train epoch 50 avg loss: 114096.17212 (A-MSE: 409594.29102) avg lploss: 0.00000
==> val epoch 50 avg loss: 62747.25898 (A-MSE: 87722.55078) avg lploss: 0.00000
==> test epoch 50 avg loss: 60150.24941 (A-MSE: 82926.54766) avg lploss: 0.00000
*** Best Val Loss: 26688.44043 	 Best Test Loss: 26000.36191 	 Best epoch 0
EarlyStopping counter: 10 out of 50
train epoch 51 avg loss: 60473.03784 (A-MSE: 1620721.57031) avg lploss: 0.00000
train epoch 52 avg loss: 65642.49585 (A-MSE: 84304.47803) avg lploss: 0.00000
train epoch 53 avg loss: 56279.39307 (A-MSE: 80430.54297) avg lploss: 0.00000
train epoch 54 avg loss: 53867.85303 (A-MSE: 77547.59766) avg lploss: 0.00000
train epoch 55 avg loss: 50895.58936 (A-MSE: 73806.07764) avg lploss: 0.00000
==> val epoch 55 avg loss: 50164.35566 (A-MSE: 73184.95898) avg lploss: 0.00000
==> test epoch 55 avg loss: 48282.69434 (A-MSE: 69922.03086) avg lploss: 0.00000
*** Best Val Loss: 26688.44043 	 Best Test Loss: 26000.36191 	 Best epoch 0
EarlyStopping counter: 11 out of 50
train epoch 56 avg loss: 47851.59692 (A-MSE: 69924.82080) avg lploss: 0.00000
train epoch 57 avg loss: 43975.64648 (A-MSE: 64650.18970) avg lploss: 0.00000
train epoch 58 avg loss: 39707.87329 (A-MSE: 58736.19409) avg lploss: 0.00000
train epoch 59 avg loss: 35231.40332 (A-MSE: 52136.07153) avg lploss: 0.00000
train epoch 60 avg loss: 31822.09131 (A-MSE: 47194.19434) avg lploss: 0.00000
==> val epoch 60 avg loss: 30755.84502 (A-MSE: 46483.44609) avg lploss: 0.00000
==> test epoch 60 avg loss: 30528.59375 (A-MSE: 45050.70430) avg lploss: 0.00000
*** Best Val Loss: 26688.44043 	 Best Test Loss: 26000.36191 	 Best epoch 0
EarlyStopping counter: 12 out of 50
train epoch 61 avg loss: 30384.37756 (A-MSE: 45217.75220) avg lploss: 0.00000
train epoch 62 avg loss: 28969.19812 (A-MSE: 87544835302632648005910528.00000) avg lploss: 0.00000
train epoch 63 avg loss: 724436035433331163136.00000 (A-MSE: 8931798980973238624976896000.00000) avg lploss: 0.00000
train epoch 64 avg loss: 723351899376157982720.00000 (A-MSE: 9022131794340949733540888576.00000) avg lploss: 0.00000
train epoch 65 avg loss: 1902408302794031235072.00000 (A-MSE: 13581104634981595924156907520.00000) avg lploss: 0.00000
==> val epoch 65 avg loss: 79494852081118594727936.00000 (A-MSE: 524381338598881877335134437376.00000) avg lploss: 0.00000
==> test epoch 65 avg loss: 3427124699818431086592.00000 (A-MSE: 2250801204613548860051030016.00000) avg lploss: 0.00000
*** Best Val Loss: 26688.44043 	 Best Test Loss: 26000.36191 	 Best epoch 0
EarlyStopping counter: 13 out of 50
train epoch 66 avg loss: 1903905327457666859008.00000 (A-MSE: 13623102056766054464705527808.00000) avg lploss: 0.00000
train epoch 67 avg loss: 1728044828558429782016.00000 (A-MSE: 10794734268212763411481624576.00000) avg lploss: 0.00000
train epoch 68 avg loss: 1726279276767012192256.00000 (A-MSE: 10927261966032466926224015360.00000) avg lploss: 0.00000
train epoch 69 avg loss: 1730078344527675916288.00000 (A-MSE: 10968475453003202924099141632.00000) avg lploss: 0.00000
train epoch 70 avg loss: 1726795994455508779008.00000 (A-MSE: 10629536724645403854383349760.00000) avg lploss: 0.00000
==> val epoch 70 avg loss: 79072869521954854404096.00000 (A-MSE: 436443274407552398661309693952.00000) avg lploss: 0.00000
==> test epoch 70 avg loss: 3227958635797505114112.00000 (A-MSE: 1752315506575666528519192576.00000) avg lploss: 0.00000
*** Best Val Loss: 26688.44043 	 Best Test Loss: 26000.36191 	 Best epoch 0
EarlyStopping counter: 14 out of 50
train epoch 71 avg loss: 1726809153410670002176.00000 (A-MSE: 10884456017906822955107614720.00000) avg lploss: 0.00000
train epoch 72 avg loss: 1722392740657335631872.00000 (A-MSE: 3948985684880973762851241984.00000) avg lploss: 0.00000
train epoch 73 avg loss: 4273652445058911174656.00000 (A-MSE: 16733158039874298994388631552.00000) avg lploss: 0.00000
train epoch 74 avg loss: 4260038204122858520576.00000 (A-MSE: 18388344368279292909537198080.00000) avg lploss: 0.00000
train epoch 75 avg loss: 1643623145885847781376.00000 (A-MSE: 17492512233347848106672128000.00000) avg lploss: 0.00000
==> val epoch 75 avg loss: 145430215605833284190208.00000 (A-MSE: 661808590882750447176009121792.00000) avg lploss: 0.00000
==> test epoch 75 avg loss: 5946290838481690165248.00000 (A-MSE: 3556555950524581974573580288.00000) avg lploss: 0.00000
*** Best Val Loss: 26688.44043 	 Best Test Loss: 26000.36191 	 Best epoch 0
EarlyStopping counter: 15 out of 50
train epoch 76 avg loss: 4270197058244811161600.00000 (A-MSE: 18725986017862774358255075328.00000) avg lploss: 0.00000
train epoch 77 avg loss: 4252860310741760081920.00000 (A-MSE: 19003924040652549637875433472.00000) avg lploss: 0.00000
train epoch 78 avg loss: 4250756426028336283648.00000 (A-MSE: 18798568737030580446188011520.00000) avg lploss: 0.00000
train epoch 79 avg loss: 4278103831078101843968.00000 (A-MSE: 18753443046409171229793583104.00000) avg lploss: 0.00000
train epoch 80 avg loss: 4257004326086382714880.00000 (A-MSE: 18819133497699013318974373888.00000) avg lploss: 0.00000
==> val epoch 80 avg loss: 145430700845823288147968.00000 (A-MSE: 661809842310250369175387111424.00000) avg lploss: 0.00000
==> test epoch 80 avg loss: 5946298494601056485376.00000 (A-MSE: 3556597297748501689926680576.00000) avg lploss: 0.00000
*** Best Val Loss: 26688.44043 	 Best Test Loss: 26000.36191 	 Best epoch 0
EarlyStopping counter: 16 out of 50
train epoch 81 avg loss: 4252844688880552640512.00000 (A-MSE: 18927710679369965825484128256.00000) avg lploss: 0.00000
train epoch 82 avg loss: 4264904624995209052160.00000 (A-MSE: 18974172199673434398393368576.00000) avg lploss: 0.00000
train epoch 83 avg loss: 4266210528149658140672.00000 (A-MSE: 19019102445230935611885486080.00000) avg lploss: 0.00000
train epoch 84 avg loss: 4263890470654120558592.00000 (A-MSE: 19016233713805485914323943424.00000) avg lploss: 0.00000
train epoch 85 avg loss: 4269074676775177420800.00000 (A-MSE: 18610293036370729768897740800.00000) avg lploss: 0.00000
==> val epoch 85 avg loss: 145431007882246321340416.00000 (A-MSE: 661810072707583366852077682688.00000) avg lploss: 0.00000
==> test epoch 85 avg loss: 5946303448560647012352.00000 (A-MSE: 3556622553185812895722635264.00000) avg lploss: 0.00000
*** Best Val Loss: 26688.44043 	 Best Test Loss: 26000.36191 	 Best epoch 0
EarlyStopping counter: 17 out of 50
train epoch 86 avg loss: 4262553464514744942592.00000 (A-MSE: 19033797403017014952849309696.00000) avg lploss: 0.00000
train epoch 87 avg loss: 4273245572980075921408.00000 (A-MSE: 16715663900364304987755380736.00000) avg lploss: 0.00000
train epoch 88 avg loss: 2610685757015891902464.00000 (A-MSE: 18352051768985016839666925568.00000) avg lploss: 0.00000
train epoch 89 avg loss: 4273944193872271769600.00000 (A-MSE: 18949219639453064888403886080.00000) avg lploss: 0.00000
train epoch 90 avg loss: 4271364053498253541376.00000 (A-MSE: 18804285256422696773360812032.00000) avg lploss: 0.00000
==> val epoch 90 avg loss: 145431271576800600260608.00000 (A-MSE: 661810098684735156680401092608.00000) avg lploss: 0.00000
==> test epoch 90 avg loss: 5946310203960088068096.00000 (A-MSE: 3556602299237280714938384384.00000) avg lploss: 0.00000
*** Best Val Loss: 26688.44043 	 Best Test Loss: 26000.36191 	 Best epoch 0
EarlyStopping counter: 18 out of 50
train epoch 91 avg loss: 4274352473325990576128.00000 (A-MSE: 16171467255150620509195993088.00000) avg lploss: 0.00000
train epoch 92 avg loss: 4263996445982852120576.00000 (A-MSE: 18758040569363375274885906432.00000) avg lploss: 0.00000
train epoch 93 avg loss: 4270453622686082924544.00000 (A-MSE: 18994214663202339130276052992.00000) avg lploss: 0.00000
train epoch 94 avg loss: 4265978311293871849472.00000 (A-MSE: 18972947804529531706849361920.00000) avg lploss: 0.00000
train epoch 95 avg loss: 4257530543555343286272.00000 (A-MSE: 18858894766832216759498440704.00000) avg lploss: 0.00000
==> val epoch 95 avg loss: 145431538821458026299392.00000 (A-MSE: 661806948935848334446850736128.00000) avg lploss: 0.00000
==> test epoch 95 avg loss: 5946293090281503850496.00000 (A-MSE: 3556636237441735705164251136.00000) avg lploss: 0.00000
*** Best Val Loss: 26688.44043 	 Best Test Loss: 26000.36191 	 Best epoch 0
EarlyStopping counter: 19 out of 50
train epoch 96 avg loss: 4257348851457876557824.00000 (A-MSE: 18932792357298510708378435584.00000) avg lploss: 0.00000
train epoch 97 avg loss: 4272861359636866400256.00000 (A-MSE: 19029080011966898438483738624.00000) avg lploss: 0.00000
train epoch 98 avg loss: 4272796620392224522240.00000 (A-MSE: 18996626281429590343445118976.00000) avg lploss: 0.00000
train epoch 99 avg loss: 4270777459646794301440.00000 (A-MSE: 19027861763623997558344384512.00000) avg lploss: 0.00000
train epoch 100 avg loss: 4263260529656249974784.00000 (A-MSE: 18897461726740525788377907200.00000) avg lploss: 0.00000
==> val epoch 100 avg loss: 145394279431673844072448.00000 (A-MSE: 661806998651149360234399531008.00000) avg lploss: 0.00000
==> test epoch 100 avg loss: 5947960322863559344128.00000 (A-MSE: 3556607876149183129032065024.00000) avg lploss: 0.00000
*** Best Val Loss: 26688.44043 	 Best Test Loss: 26000.36191 	 Best epoch 0
EarlyStopping counter: 20 out of 50
train epoch 101 avg loss: 4267146713922210889728.00000 (A-MSE: 18755522140310848629026848768.00000) avg lploss: 0.00000
train epoch 102 avg loss: 4272553144537367707648.00000 (A-MSE: 19021630210065345811687931904.00000) avg lploss: 0.00000
train epoch 103 avg loss: 4257219513706115760128.00000 (A-MSE: 7128466484283244835822895104.00000) avg lploss: 0.00000
train epoch 104 avg loss: 4270044780282410696704.00000 (A-MSE: 18852079945960928766681153536.00000) avg lploss: 0.00000
train epoch 105 avg loss: 4266258378895791226880.00000 (A-MSE: 18914710441399875938205827072.00000) avg lploss: 0.00000
==> val epoch 105 avg loss: 145394906971338394566656.00000 (A-MSE: 661806804673756357183362039808.00000) avg lploss: 0.00000
==> test epoch 105 avg loss: 5947963025023360303104.00000 (A-MSE: 3556636233406510439040286720.00000) avg lploss: 0.00000
*** Best Val Loss: 26688.44043 	 Best Test Loss: 26000.36191 	 Best epoch 0
EarlyStopping counter: 21 out of 50
train epoch 106 avg loss: 4248757390743891869696.00000 (A-MSE: 24857439132031736128387153920.00000) avg lploss: 0.00000
train epoch 107 avg loss: 4266953340613486444544.00000 (A-MSE: 25009162008700477823766233088.00000) avg lploss: 0.00000
train epoch 108 avg loss: 4261165229930039476224.00000 (A-MSE: 25001279937039286557254615040.00000) avg lploss: 0.00000
train epoch 109 avg loss: 4259329872344532385792.00000 (A-MSE: 24949315645036354556282273792.00000) avg lploss: 0.00000
train epoch 110 avg loss: 4269234413825549139968.00000 (A-MSE: 25222485166612792595403767808.00000) avg lploss: 0.00000
==> val epoch 110 avg loss: 145395553128814647181312.00000 (A-MSE: 991214743045984263807227133952.00000) avg lploss: 0.00000
==> test epoch 110 avg loss: 5947965727183459057664.00000 (A-MSE: 4011783000446951075272982528.00000) avg lploss: 0.00000
*** Best Val Loss: 26688.44043 	 Best Test Loss: 26000.36191 	 Best epoch 0
EarlyStopping counter: 22 out of 50
train epoch 111 avg loss: 4268067137097579364352.00000 (A-MSE: 9177809487494858845703897088.00000) avg lploss: 0.00000
train epoch 112 avg loss: 4272699793002556030976.00000 (A-MSE: 25183333585429655347697549312.00000) avg lploss: 0.00000
train epoch 113 avg loss: 1643543366541636272128.00000 (A-MSE: 22653487351851229684627931136.00000) avg lploss: 0.00000
train epoch 114 avg loss: 4267363027447072686080.00000 (A-MSE: 25115655857465610867818102784.00000) avg lploss: 0.00000
train epoch 115 avg loss: 4258923844695891640320.00000 (A-MSE: 25280703571965917737510764544.00000) avg lploss: 0.00000
==> val epoch 115 avg loss: 145396316144155706261504.00000 (A-MSE: 991214616891266765907856195584.00000) avg lploss: 0.00000
==> test epoch 115 avg loss: 5947972932947278823424.00000 (A-MSE: 4011816606494720698217398272.00000) avg lploss: 0.00000
*** Best Val Loss: 26688.44043 	 Best Test Loss: 26000.36191 	 Best epoch 0
EarlyStopping counter: 23 out of 50
train epoch 116 avg loss: 4276196415912761884672.00000 (A-MSE: 22760105022944805623286464512.00000) avg lploss: 0.00000
train epoch 117 avg loss: 4252136779336207826944.00000 (A-MSE: 25198162878026571776574619648.00000) avg lploss: 0.00000
train epoch 118 avg loss: 4246029616773488181248.00000 (A-MSE: 25206917451571181513554788352.00000) avg lploss: 0.00000
train epoch 119 avg loss: 4260661952712505032704.00000 (A-MSE: 25211258295431474482105024512.00000) avg lploss: 0.00000
train epoch 120 avg loss: 4256267424658079350784.00000 (A-MSE: 25121597876261543628159057920.00000) avg lploss: 0.00000
==> val epoch 120 avg loss: 145435125358101983657984.00000 (A-MSE: 991215526899762044242344542208.00000) avg lploss: 0.00000
==> test epoch 120 avg loss: 5944604690821713756160.00000 (A-MSE: 4011830162891647987052707840.00000) avg lploss: 0.00000
*** Best Val Loss: 26688.44043 	 Best Test Loss: 26000.36191 	 Best epoch 0
EarlyStopping counter: 24 out of 50
train epoch 121 avg loss: 4268887918220085821440.00000 (A-MSE: 24860037711610802289944559616.00000) avg lploss: 0.00000
train epoch 122 avg loss: 2629628741553320624128.00000 (A-MSE: 8062486954080393444062134272.00000) avg lploss: 0.00000
train epoch 123 avg loss: 1641488177161336520704.00000 (A-MSE: 22953908310705520093121478656.00000) avg lploss: 0.00000
train epoch 124 avg loss: 4274499684930257682432.00000 (A-MSE: 25015497912175705219611492352.00000) avg lploss: 0.00000
train epoch 125 avg loss: 4268775891429130502144.00000 (A-MSE: 25266928001705911931547680768.00000) avg lploss: 0.00000
==> val epoch 125 avg loss: 145397712042327309025280.00000 (A-MSE: 991215502058836070777275547648.00000) avg lploss: 0.00000
==> test epoch 125 avg loss: 5942919444039805698048.00000 (A-MSE: 4011806198149961188621942784.00000) avg lploss: 0.00000
*** Best Val Loss: 26688.44043 	 Best Test Loss: 26000.36191 	 Best epoch 0
EarlyStopping counter: 25 out of 50
train epoch 126 avg loss: 4265092650669540114432.00000 (A-MSE: 24645494072723092967008501760.00000) avg lploss: 0.00000
train epoch 127 avg loss: 4280098363363958456320.00000 (A-MSE: 25276199761606113477590515712.00000) avg lploss: 0.00000
train epoch 128 avg loss: 4250182217839861563392.00000 (A-MSE: 25126945101988558587689959424.00000) avg lploss: 0.00000
train epoch 129 avg loss: 4268779128649892757504.00000 (A-MSE: 25152213767921218193769627648.00000) avg lploss: 0.00000
train epoch 130 avg loss: 4260391738014806048768.00000 (A-MSE: 22855665294824250875207221248.00000) avg lploss: 0.00000
==> val epoch 130 avg loss: 145436610907234197569536.00000 (A-MSE: 991215506388877664558027636736.00000) avg lploss: 0.00000
==> test epoch 130 avg loss: 5941256715815056572416.00000 (A-MSE: 4011804721257513787250966528.00000) avg lploss: 0.00000
*** Best Val Loss: 26688.44043 	 Best Test Loss: 26000.36191 	 Best epoch 0
EarlyStopping counter: 26 out of 50
train epoch 131 avg loss: 4265380881459229229056.00000 (A-MSE: 25114296012203430569312256000.00000) avg lploss: 0.00000
train epoch 132 avg loss: 4253585110899932266496.00000 (A-MSE: 24801284401696316149693677568.00000) avg lploss: 0.00000
train epoch 133 avg loss: 4264696053502641700864.00000 (A-MSE: 25214155138830201384568094720.00000) avg lploss: 0.00000
train epoch 134 avg loss: 1637359223963439071232.00000 (A-MSE: 22982256619632572095300370432.00000) avg lploss: 0.00000
train epoch 135 avg loss: 4268536640945343954944.00000 (A-MSE: 25274926084292064411088060416.00000) avg lploss: 0.00000
==> val epoch 135 avg loss: 145361999761525950119936.00000 (A-MSE: 991215510704882664200172732416.00000) avg lploss: 0.00000
==> test epoch 135 avg loss: 5942923049906903973888.00000 (A-MSE: 4011800449452755137863876608.00000) avg lploss: 0.00000
*** Best Val Loss: 26688.44043 	 Best Test Loss: 26000.36191 	 Best epoch 0
EarlyStopping counter: 27 out of 50
train epoch 136 avg loss: 2633645393803258888192.00000 (A-MSE: 8075782935439619813602754560.00000) avg lploss: 0.00000
train epoch 137 avg loss: 4258907524599261954048.00000 (A-MSE: 25215667592997297165663469568.00000) avg lploss: 0.00000
train epoch 138 avg loss: 4271798513322667540480.00000 (A-MSE: 25259665268740413951580307456.00000) avg lploss: 0.00000
train epoch 139 avg loss: 4266594693568046563328.00000 (A-MSE: 25220565211619317583865446400.00000) avg lploss: 0.00000
train epoch 140 avg loss: 4390061709654821961728.00000 (A-MSE: 25289994610983490522229768192.00000) avg lploss: 0.00000
==> val epoch 140 avg loss: 145403905974449414864896.00000 (A-MSE: 991215528930496337031135756288.00000) avg lploss: 0.00000
==> test epoch 140 avg loss: 5944624547580562374656.00000 (A-MSE: 4011834792102073614318174208.00000) avg lploss: 0.00000
*** Best Val Loss: 26688.44043 	 Best Test Loss: 26000.36191 	 Best epoch 0
EarlyStopping counter: 28 out of 50
train epoch 141 avg loss: 4360480980248317919232.00000 (A-MSE: 25081242263410578807343546368.00000) avg lploss: 0.00000
train epoch 142 avg loss: 4308081329864338571264.00000 (A-MSE: 25109867742738316593364729856.00000) avg lploss: 0.00000
train epoch 143 avg loss: 4286563882465538605056.00000 (A-MSE: 25257502010127748371759235072.00000) avg lploss: 0.00000
train epoch 144 avg loss: 4279600606325661761536.00000 (A-MSE: 25207274918369470978044461056.00000) avg lploss: 0.00000
train epoch 145 avg loss: 4270133265596158050304.00000 (A-MSE: 25140655925834190335999213568.00000) avg lploss: 0.00000
==> val epoch 145 avg loss: 145439582601792372867072.00000 (A-MSE: 991215612970915153108203995136.00000) avg lploss: 0.00000
==> test epoch 145 avg loss: 5949691525224532541440.00000 (A-MSE: 4011834041434881524995457024.00000) avg lploss: 0.00000
*** Best Val Loss: 26688.44043 	 Best Test Loss: 26000.36191 	 Best epoch 0
EarlyStopping counter: 29 out of 50
train epoch 146 avg loss: 4266954527603024199680.00000 (A-MSE: 24819119262945645113206898688.00000) avg lploss: 0.00000
train epoch 147 avg loss: 4262724803442520883200.00000 (A-MSE: 24990639548236335474385354752.00000) avg lploss: 0.00000
train epoch 148 avg loss: 4265422985260641026048.00000 (A-MSE: 25142177964381869101889355776.00000) avg lploss: 0.00000
train epoch 149 avg loss: 4278455311747547398144.00000 (A-MSE: 22789638959453707159476371456.00000) avg lploss: 0.00000
train epoch 150 avg loss: 4262954444714892853248.00000 (A-MSE: 25213392332672145049086066688.00000) avg lploss: 0.00000
==> val epoch 150 avg loss: 145478216573292724092928.00000 (A-MSE: 991232546555839117996750536704.00000) avg lploss: 0.00000
==> test epoch 150 avg loss: 5937961019895016587264.00000 (A-MSE: 4011800603021899331593568256.00000) avg lploss: 0.00000
*** Best Val Loss: 26688.44043 	 Best Test Loss: 26000.36191 	 Best epoch 0
EarlyStopping counter: 30 out of 50
train epoch 151 avg loss: 4249629182013901111296.00000 (A-MSE: 25271449384931318206048501760.00000) avg lploss: 0.00000
train epoch 152 avg loss: 4271989276400104243200.00000 (A-MSE: 25143571335448481862898417664.00000) avg lploss: 0.00000
train epoch 153 avg loss: 4247118402818295201792.00000 (A-MSE: 25272095554992727455438995456.00000) avg lploss: 0.00000
train epoch 154 avg loss: 4245987627291772452864.00000 (A-MSE: 25097164772967582859360468992.00000) avg lploss: 0.00000
train epoch 155 avg loss: 4266662825338135904256.00000 (A-MSE: 9231134206480927813374312448.00000) avg lploss: 0.00000
==> val epoch 155 avg loss: 145478931980981867905024.00000 (A-MSE: 991215389786496793869780254720.00000) avg lploss: 0.00000
==> test epoch 155 avg loss: 5943082552884718469120.00000 (A-MSE: 4011810352241434327601119232.00000) avg lploss: 0.00000
*** Best Val Loss: 26688.44043 	 Best Test Loss: 26000.36191 	 Best epoch 0
EarlyStopping counter: 31 out of 50
train epoch 156 avg loss: 4260684168337842765824.00000 (A-MSE: 25032924843279509674707124224.00000) avg lploss: 0.00000
train epoch 157 avg loss: 4270182560419830300672.00000 (A-MSE: 24643616693967861581722157056.00000) avg lploss: 0.00000
train epoch 158 avg loss: 4273195066335004459008.00000 (A-MSE: 25124907317696736816011411456.00000) avg lploss: 0.00000
train epoch 159 avg loss: 4262481583549657907200.00000 (A-MSE: 25271102960265760711399964672.00000) avg lploss: 0.00000
train epoch 160 avg loss: 4267411354906063798272.00000 (A-MSE: 9160603717576288232091418624.00000) avg lploss: 0.00000
==> val epoch 160 avg loss: 145655746144940953960448.00000 (A-MSE: 991215568584128950499861856256.00000) avg lploss: 0.00000
==> test epoch 160 avg loss: 6129056039047541030912.00000 (A-MSE: 4011792598749061558048915456.00000) avg lploss: 0.00000
*** Best Val Loss: 26688.44043 	 Best Test Loss: 26000.36191 	 Best epoch 0
EarlyStopping counter: 32 out of 50
train epoch 161 avg loss: 4272367587647589711872.00000 (A-MSE: 25180952273331671594149347328.00000) avg lploss: 0.00000
train epoch 162 avg loss: 4258850903359881740288.00000 (A-MSE: 25006594091573229839569649664.00000) avg lploss: 0.00000
train epoch 163 avg loss: 4269054665830481002496.00000 (A-MSE: 25102201451144823838372528128.00000) avg lploss: 0.00000
train epoch 164 avg loss: 4270868549951541477376.00000 (A-MSE: 25266227305374863805936304128.00000) avg lploss: 0.00000
train epoch 165 avg loss: 4265342416246337437696.00000 (A-MSE: 24810158245979383781524504576.00000) avg lploss: 0.00000
==> val epoch 165 avg loss: 152861226715806101929984.00000 (A-MSE: 991214321987759412695963533312.00000) avg lploss: 0.00000
==> test epoch 165 avg loss: 161343430334326511763456.00000 (A-MSE: 4011833217557174442893770752.00000) avg lploss: 0.00000
*** Best Val Loss: 26688.44043 	 Best Test Loss: 26000.36191 	 Best epoch 0
EarlyStopping counter: 33 out of 50
train epoch 166 avg loss: 4275650314771603390464.00000 (A-MSE: 25258011334054074721136279552.00000) avg lploss: 0.00000
train epoch 167 avg loss: 4274665545295042969600.00000 (A-MSE: 25293876823479898819979640832.00000) avg lploss: 0.00000
train epoch 168 avg loss: 4260073580182823239680.00000 (A-MSE: 25183330746648680629488582656.00000) avg lploss: 0.00000
train epoch 169 avg loss: 4257917239931502592000.00000 (A-MSE: 25269573779369360906092806144.00000) avg lploss: 0.00000
train epoch 170 avg loss: 4268762864133243142144.00000 (A-MSE: 25195449733214053584936632320.00000) avg lploss: 0.00000
==> val epoch 170 avg loss: 216822105795744940163072.00000 (A-MSE: 991215546851990934225023926272.00000) avg lploss: 0.00000
==> test epoch 170 avg loss: 7777892381397925121490944.00000 (A-MSE: 4013390188127645170111873024.00000) avg lploss: 0.00000
*** Best Val Loss: 26688.44043 	 Best Test Loss: 26000.36191 	 Best epoch 0
EarlyStopping counter: 34 out of 50
train epoch 171 avg loss: 4258310074396686942208.00000 (A-MSE: 25182625413771748531450675200.00000) avg lploss: 0.00000
train epoch 172 avg loss: 4267352319739516420096.00000 (A-MSE: 24639059458702714518290563072.00000) avg lploss: 0.00000
train epoch 173 avg loss: 4266055903637894332416.00000 (A-MSE: 25209040878619360371798966272.00000) avg lploss: 0.00000
train epoch 174 avg loss: 4260412123016896970752.00000 (A-MSE: 25107582909417153584403841024.00000) avg lploss: 0.00000
train epoch 175 avg loss: 2621951490039130619904.00000 (A-MSE: 24305305241377681482274832384.00000) avg lploss: 0.00000
==> val epoch 175 avg loss: 231125509878446961983488.00000 (A-MSE: 991215740836431226267966111744.00000) avg lploss: 0.00000
==> test epoch 175 avg loss: 6527671666740894795563008.00000 (A-MSE: 4013122086377457758534369280.00000) avg lploss: 0.00000
*** Best Val Loss: 26688.44043 	 Best Test Loss: 26000.36191 	 Best epoch 0
EarlyStopping counter: 35 out of 50
train epoch 176 avg loss: 1648389649096814362624.00000 (A-MSE: 13307389002110972461123108864.00000) avg lploss: 0.00000
train epoch 177 avg loss: 4255519557893874515968.00000 (A-MSE: 12135807607114821013736521728.00000) avg lploss: 0.00000
train epoch 178 avg loss: 4281316287538788302848.00000 (A-MSE: 11004813697324537507496329216.00000) avg lploss: 0.00000
train epoch 179 avg loss: 4268939487162155925504.00000 (A-MSE: 11260395679797881756968812544.00000) avg lploss: 0.00000
train epoch 180 avg loss: 4250966028023741546496.00000 (A-MSE: 11072378210702672604216426496.00000) avg lploss: 0.00000
==> val epoch 180 avg loss: 145516552177571426467840.00000 (A-MSE: 336602507014031002447655206912.00000) avg lploss: 0.00000
==> test epoch 180 avg loss: 5944763525149587668992.00000 (A-MSE: 2663999501821341627861434368.00000) avg lploss: 0.00000
*** Best Val Loss: 26688.44043 	 Best Test Loss: 26000.36191 	 Best epoch 0
EarlyStopping counter: 36 out of 50
train epoch 181 avg loss: 4256539042452341260288.00000 (A-MSE: 11281000097713348274422808576.00000) avg lploss: 0.00000
train epoch 182 avg loss: 4257960696911193702400.00000 (A-MSE: 11155030937195155350142058496.00000) avg lploss: 0.00000
train epoch 183 avg loss: 4258745924428012453888.00000 (A-MSE: 11235480062333913689608945664.00000) avg lploss: 0.00000
train epoch 184 avg loss: 4266754461937998757888.00000 (A-MSE: 11156996270602590934873931776.00000) avg lploss: 0.00000
train epoch 185 avg loss: 4266132381320827895808.00000 (A-MSE: 11245120815013866236159197184.00000) avg lploss: 0.00000
==> val epoch 185 avg loss: 145516530258988639453184.00000 (A-MSE: 336601916401520340333404094464.00000) avg lploss: 0.00000
==> test epoch 185 avg loss: 5941409874296711413760.00000 (A-MSE: 2664053119127666162092998656.00000) avg lploss: 0.00000
*** Best Val Loss: 26688.44043 	 Best Test Loss: 26000.36191 	 Best epoch 0
EarlyStopping counter: 37 out of 50
train epoch 186 avg loss: 4276311357518247362560.00000 (A-MSE: 11082994911436274846731862016.00000) avg lploss: 0.00000
train epoch 187 avg loss: 2616145802374645022720.00000 (A-MSE: 10836804368151259734601629696.00000) avg lploss: 0.00000
train epoch 188 avg loss: 4262142003034217512960.00000 (A-MSE: 11166032762386201052167798784.00000) avg lploss: 0.00000
train epoch 189 avg loss: 4259777789164378390528.00000 (A-MSE: 11205983971049861625474449408.00000) avg lploss: 0.00000
train epoch 190 avg loss: 4259458816938584047616.00000 (A-MSE: 11222750971902041754423001088.00000) avg lploss: 0.00000
==> val epoch 190 avg loss: 145630541809157389942784.00000 (A-MSE: 336601951179217382813848305664.00000) avg lploss: 0.00000
==> test epoch 190 avg loss: 5941415665484998639616.00000 (A-MSE: 2664074928367308057513820160.00000) avg lploss: 0.00000
*** Best Val Loss: 26688.44043 	 Best Test Loss: 26000.36191 	 Best epoch 0
EarlyStopping counter: 38 out of 50
train epoch 191 avg loss: 4259265367975698890752.00000 (A-MSE: 10976574982504751548222930944.00000) avg lploss: 0.00000
train epoch 192 avg loss: 4256336030817641299968.00000 (A-MSE: 11097572170204137448129167360.00000) avg lploss: 0.00000
train epoch 193 avg loss: 4268571779370682679296.00000 (A-MSE: 11105237907674204285874208768.00000) avg lploss: 0.00000
train epoch 194 avg loss: 1642107801465055608832.00000 (A-MSE: 10891233915746349973271216128.00000) avg lploss: 0.00000
train epoch 195 avg loss: 4261505007488906297344.00000 (A-MSE: 11261610557843853996726419456.00000) avg lploss: 0.00000
==> val epoch 195 avg loss: 145516477909799482163200.00000 (A-MSE: 336611281862557784212588462080.00000) avg lploss: 0.00000
==> test epoch 195 avg loss: 5944841681060268867584.00000 (A-MSE: 2664140020816659984202858496.00000) avg lploss: 0.00000
*** Best Val Loss: 26688.44043 	 Best Test Loss: 26000.36191 	 Best epoch 0
EarlyStopping counter: 39 out of 50
train epoch 196 avg loss: 4260900433088034111488.00000 (A-MSE: 11203230017427766369880899584.00000) avg lploss: 0.00000
train epoch 197 avg loss: 4261176036158620565504.00000 (A-MSE: 11027590607187794735197585408.00000) avg lploss: 0.00000
train epoch 198 avg loss: 4260764957941122465792.00000 (A-MSE: 11004902532520540850421235712.00000) avg lploss: 0.00000
train epoch 199 avg loss: 1647076609401803243520.00000 (A-MSE: 10698913196842064806223544320.00000) avg lploss: 0.00000
train epoch 200 avg loss: 4265924721295981281280.00000 (A-MSE: 11184038249713172350714773504.00000) avg lploss: 0.00000
==> val epoch 200 avg loss: 145214831619584708050944.00000 (A-MSE: 336605034522376406669453164544.00000) avg lploss: 0.00000
==> test epoch 200 avg loss: 5949986835242758963200.00000 (A-MSE: 2664137308338236315576303616.00000) avg lploss: 0.00000
*** Best Val Loss: 26688.44043 	 Best Test Loss: 26000.36191 	 Best epoch 0
EarlyStopping counter: 40 out of 50
train epoch 201 avg loss: 4271441698784271663104.00000 (A-MSE: 11225144975792293784370282496.00000) avg lploss: 0.00000
train epoch 202 avg loss: 4264951226628025876480.00000 (A-MSE: 11259087217633948101850955776.00000) avg lploss: 0.00000
train epoch 203 avg loss: 4262422468456928509952.00000 (A-MSE: 11105002036507608353706344448.00000) avg lploss: 0.00000
train epoch 204 avg loss: 4245034921392480976896.00000 (A-MSE: 11269636034544139777100218368.00000) avg lploss: 0.00000
train epoch 205 avg loss: 4263020663547916976128.00000 (A-MSE: 11264083215768532562684674048.00000) avg lploss: 0.00000
==> val epoch 205 avg loss: 145406416297778944671744.00000 (A-MSE: 336603266894074280090959609856.00000) avg lploss: 0.00000
==> test epoch 205 avg loss: 5941744655684040916992.00000 (A-MSE: 2664105393165145788838313984.00000) avg lploss: 0.00000
*** Best Val Loss: 26688.44043 	 Best Test Loss: 26000.36191 	 Best epoch 0
EarlyStopping counter: 41 out of 50
train epoch 206 avg loss: 4258721937645243990016.00000 (A-MSE: 4509379565290776992124239872.00000) avg lploss: 0.00000
train epoch 207 avg loss: 4253053993051955920896.00000 (A-MSE: 11004826534673145740509839360.00000) avg lploss: 0.00000
train epoch 208 avg loss: 4258233689575560052736.00000 (A-MSE: 11192097783231693157312757760.00000) avg lploss: 0.00000
train epoch 209 avg loss: 4256149894716562341888.00000 (A-MSE: 10983648932300921217658912768.00000) avg lploss: 0.00000
train epoch 210 avg loss: 4249683163251160383488.00000 (A-MSE: 9639566799576894532493508608.00000) avg lploss: 0.00000
==> val epoch 210 avg loss: 145219385380177742659584.00000 (A-MSE: 336603082726090548593259708416.00000) avg lploss: 0.00000
==> test epoch 210 avg loss: 5938399297027904110592.00000 (A-MSE: 2664160628020341286476185600.00000) avg lploss: 0.00000
*** Best Val Loss: 26688.44043 	 Best Test Loss: 26000.36191 	 Best epoch 0
EarlyStopping counter: 42 out of 50
train epoch 211 avg loss: 4258585398192455548928.00000 (A-MSE: 11041860872502594088795635712.00000) avg lploss: 0.00000
train epoch 212 avg loss: 4235947026456395644928.00000 (A-MSE: 11232695984314054937862471680.00000) avg lploss: 0.00000
train epoch 213 avg loss: 4266146100394292412416.00000 (A-MSE: 9644637561083935644153020416.00000) avg lploss: 0.00000
train epoch 214 avg loss: 4253148890667841224704.00000 (A-MSE: 10860961861019915812241145856.00000) avg lploss: 0.00000
train epoch 215 avg loss: 4266732660688697163776.00000 (A-MSE: 10692938333906539182177648640.00000) avg lploss: 0.00000
==> val epoch 215 avg loss: 145295842321679263989760.00000 (A-MSE: 336604989849579258100762804224.00000) avg lploss: 0.00000
==> test epoch 215 avg loss: 5938388465430649896960.00000 (A-MSE: 2664112969704105353242738688.00000) avg lploss: 0.00000
*** Best Val Loss: 26688.44043 	 Best Test Loss: 26000.36191 	 Best epoch 0
EarlyStopping counter: 43 out of 50
train epoch 216 avg loss: 4254568194452758724608.00000 (A-MSE: 11038817658945443507543736320.00000) avg lploss: 0.00000
train epoch 217 avg loss: 4252933900292875354112.00000 (A-MSE: 11245600482241250391809327104.00000) avg lploss: 0.00000
train epoch 218 avg loss: 4255594247168748683264.00000 (A-MSE: 10906043132881394653311533056.00000) avg lploss: 0.00000
train epoch 219 avg loss: 4251422078891139268608.00000 (A-MSE: 11203872799989622302241193984.00000) avg lploss: 0.00000
train epoch 220 avg loss: 4259698356455527677952.00000 (A-MSE: 11208898391169271823547236352.00000) avg lploss: 0.00000
==> val epoch 220 avg loss: 145410898377380252876800.00000 (A-MSE: 336603080543221001217195900928.00000) avg lploss: 0.00000
==> test epoch 220 avg loss: 5940113762646829826048.00000 (A-MSE: 2664141308399396549031886848.00000) avg lploss: 0.00000
*** Best Val Loss: 26688.44043 	 Best Test Loss: 26000.36191 	 Best epoch 0
EarlyStopping counter: 44 out of 50
train epoch 221 avg loss: 4257893633112619352064.00000 (A-MSE: 11056976787150163302865174528.00000) avg lploss: 0.00000
train epoch 222 avg loss: 4255070563639543463936.00000 (A-MSE: 11240139492128883539728924672.00000) avg lploss: 0.00000
train epoch 223 avg loss: 4256268603140922146816.00000 (A-MSE: 11203667841674983829233729536.00000) avg lploss: 0.00000
train epoch 224 avg loss: 4266025681881298632704.00000 (A-MSE: 11204208831067815766164242432.00000) avg lploss: 0.00000
train epoch 225 avg loss: 4272046687347812597760.00000 (A-MSE: 11263064969763067414945202176.00000) avg lploss: 0.00000
==> val epoch 225 avg loss: 145413095383770182189056.00000 (A-MSE: 336602071901793848589333561344.00000) avg lploss: 0.00000
==> test epoch 225 avg loss: 5933413236947953909760.00000 (A-MSE: 2664143575850119439415508992.00000) avg lploss: 0.00000
*** Best Val Loss: 26688.44043 	 Best Test Loss: 26000.36191 	 Best epoch 0
EarlyStopping counter: 45 out of 50
train epoch 226 avg loss: 4284903856572826386432.00000 (A-MSE: 11105531744275287336487485440.00000) avg lploss: 0.00000
train epoch 227 avg loss: 4293832479421734322176.00000 (A-MSE: 11202295964812211829824552960.00000) avg lploss: 0.00000
train epoch 228 avg loss: 4306906247524211752960.00000 (A-MSE: 11258106877237596229950504960.00000) avg lploss: 0.00000
train epoch 229 avg loss: 4318973253100811845632.00000 (A-MSE: 11266881180295568739675406336.00000) avg lploss: 0.00000
train epoch 230 avg loss: 4311759935358440570880.00000 (A-MSE: 11170496764672294246875660288.00000) avg lploss: 0.00000
==> val epoch 230 avg loss: 145490831751643362492416.00000 (A-MSE: 336601921256451193028374167552.00000) avg lploss: 0.00000
==> test epoch 230 avg loss: 5935158906011224375296.00000 (A-MSE: 2664115734063997278933221376.00000) avg lploss: 0.00000
*** Best Val Loss: 26688.44043 	 Best Test Loss: 26000.36191 	 Best epoch 0
EarlyStopping counter: 46 out of 50
train epoch 231 avg loss: 4335202286692162076672.00000 (A-MSE: 11107274471022152678901809152.00000) avg lploss: 0.00000
train epoch 232 avg loss: 4349681278215203586048.00000 (A-MSE: 11192982796907509997436403712.00000) avg lploss: 0.00000
train epoch 233 avg loss: 4374075201406653431808.00000 (A-MSE: 11272856034295952703018237952.00000) avg lploss: 0.00000
train epoch 234 avg loss: 4408540015043957751808.00000 (A-MSE: 11100955308399517738702209024.00000) avg lploss: 0.00000
train epoch 235 avg loss: 4452374058830043545600.00000 (A-MSE: 11241070325067021277089234944.00000) avg lploss: 0.00000
==> val epoch 235 avg loss: 147988583205856979451904.00000 (A-MSE: 336602728363027177537091403776.00000) avg lploss: 0.00000
==> test epoch 235 avg loss: 5930285301321208692736.00000 (A-MSE: 2664186851911716362023600128.00000) avg lploss: 0.00000
*** Best Val Loss: 26688.44043 	 Best Test Loss: 26000.36191 	 Best epoch 0
EarlyStopping counter: 47 out of 50
train epoch 236 avg loss: 1803406053542908395520.00000 (A-MSE: 10845851911589207591532625920.00000) avg lploss: 0.00000
train epoch 237 avg loss: 4535745552731120599040.00000 (A-MSE: 11060106328010814330998095872.00000) avg lploss: 0.00000
train epoch 238 avg loss: 4596697264858952368128.00000 (A-MSE: 11243793198231195341302005760.00000) avg lploss: 0.00000
train epoch 239 avg loss: 4620364859707057766400.00000 (A-MSE: 11105588077172923931637579776.00000) avg lploss: 0.00000
train epoch 240 avg loss: 4670313550092622626816.00000 (A-MSE: 11173464865393419692047073280.00000) avg lploss: 0.00000
==> val epoch 240 avg loss: 152530268849838437171200.00000 (A-MSE: 336610278190243919644699131904.00000) avg lploss: 0.00000
==> test epoch 240 avg loss: 5932039315497124102144.00000 (A-MSE: 2664266883687340903216709632.00000) avg lploss: 0.00000
*** Best Val Loss: 26688.44043 	 Best Test Loss: 26000.36191 	 Best epoch 0
EarlyStopping counter: 48 out of 50
train epoch 241 avg loss: 4712914803773526769664.00000 (A-MSE: 10984887448571527521940537344.00000) avg lploss: 0.00000
train epoch 242 avg loss: 2792766400039120535552.00000 (A-MSE: 11058567859728212567470899200.00000) avg lploss: 0.00000
train epoch 243 avg loss: 4815620645365127053312.00000 (A-MSE: 10963578789576649072669884416.00000) avg lploss: 0.00000
train epoch 244 avg loss: 4854608566245770919936.00000 (A-MSE: 11265248714061487601526767616.00000) avg lploss: 0.00000
train epoch 245 avg loss: 4918204353589493628928.00000 (A-MSE: 11198416981739009928400470016.00000) avg lploss: 0.00000
==> val epoch 245 avg loss: 160617689906825834528768.00000 (A-MSE: 336604454081695862934204317696.00000) avg lploss: 0.00000
==> test epoch 245 avg loss: 5932035204263990788096.00000 (A-MSE: 2664275455428143574104932352.00000) avg lploss: 0.00000
*** Best Val Loss: 26688.44043 	 Best Test Loss: 26000.36191 	 Best epoch 0
EarlyStopping counter: 49 out of 50
train epoch 246 avg loss: 4982421580749550387200.00000 (A-MSE: 11256423228206239575437213696.00000) avg lploss: 0.00000
train epoch 247 avg loss: 5029409969008560570368.00000 (A-MSE: 11079228041395535071408029696.00000) avg lploss: 0.00000
train epoch 248 avg loss: 5055982974130029854720.00000 (A-MSE: 11206764470085442845706027008.00000) avg lploss: 0.00000
train epoch 249 avg loss: 5124965820684388270080.00000 (A-MSE: 11266087331870116052914405376.00000) avg lploss: 0.00000
train epoch 250 avg loss: 2086351436878092959744.00000 (A-MSE: 10895394112515426549168603136.00000) avg lploss: 0.00000
==> val epoch 250 avg loss: 172764794377408748716032.00000 (A-MSE: 336630325409422738079843614720.00000) avg lploss: 0.00000
==> test epoch 250 avg loss: 5933154339231207784448.00000 (A-MSE: 2664305536994873064162328576.00000) avg lploss: 0.00000
*** Best Val Loss: 26688.44043 	 Best Test Loss: 26000.36191 	 Best epoch 0
EarlyStopping counter: 50 out of 50
Early Stopping.
best_train = 84945.569604
best_lp = 0.000000
best_val = 26688.440430
best_test = 26000.361914
best_epoch = 0
best_train = 84945.569604, best_lp = 0.000000, best_val = 26688.440430, best_test = 26000.361914, best_epoch = 0
Training completed for seed 3 with num_modes=0
