Running N-body EGNO-L (P=5, train=1000) for seed 1
Job ID: 3830334, Array Task ID: 1
Namespace(batch_size=100, config_by_file='configs/nbody_egno_l_p5_train1000_seed1.json', cuda=True, data_dir='simulation/dataset', decoder_layer=1, dropout=0.5, epochs=5000, exp_name='nbody_egno_l_p5_train1000_seed1', flat=False, interaction_layer=3, lambda_link=1, lambda_momentum=0.0, log_interval=1, lr=0.0001, max_training_samples=1000, model='egno', n_cluster=3, n_layers=4, nf=64, no_cuda=False, norm=False, num_modes=2, num_timesteps=5, outf='exp_results', patience=50, pooling_layer=3, seed=1, test_interval=5, time_emb_dim=32, use_last_snapshots=True, weight_decay=1e-08)
EGNO(
  (layers): ModuleList(
    (0-3): 4 x EGNN_Layer(
      (edge_message_net): InvariantScalarNet(
        (activation): SiLU()
        (scalar_net): BaseMLP(
          (mlp): Sequential(
            (0): Linear(in_features=131, out_features=64, bias=True)
            (1): SiLU()
            (2): Linear(in_features=64, out_features=64, bias=True)
            (3): SiLU()
          )
        )
      )
      (coord_net): BaseMLP(
        (mlp): Sequential(
          (0): Linear(in_features=64, out_features=64, bias=True)
          (1): SiLU()
          (2): Linear(in_features=64, out_features=1, bias=True)
        )
      )
      (node_v_net): BaseMLP(
        (mlp): Sequential(
          (0): Linear(in_features=64, out_features=64, bias=True)
          (1): SiLU()
          (2): Linear(in_features=64, out_features=1, bias=True)
        )
      )
      (node_net): BaseMLP(
        (mlp): Sequential(
          (0): Linear(in_features=128, out_features=64, bias=True)
          (1): SiLU()
          (2): Linear(in_features=64, out_features=64, bias=True)
        )
      )
    )
  )
  (embedding): Linear(in_features=33, out_features=64, bias=True)
  (time_conv_modules): ModuleList(
    (0-3): 4 x TimeConv(
      (t_conv): SpectralConv1d()
      (act): LeakyReLU(negative_slope=0.01)
    )
  )
  (time_conv_x_modules): ModuleList(
    (0-3): 4 x TimeConv_x(
      (t_conv): SpectralConv1d_x()
    )
  )
)
Model saved to exp_results/nbody_egno_l_p5_train1000_seed1/saved_model.pth
train epoch 0 avg loss: 0.10365 avg lploss: 0.00000
==> val epoch 0 avg loss: 0.07559 avg lploss: 0.00000
==> test epoch 0 avg loss: 0.07902 avg lploss: 0.00000
*** Best Val Loss: 0.07559 	 Best Test Loss: 0.07902 	 Best epoch 0
Validation loss decreased (inf --> 0.075588).  Saving model ...
train epoch 1 avg loss: 0.09264 avg lploss: 0.00000
train epoch 2 avg loss: 0.07770 avg lploss: 0.00000
train epoch 3 avg loss: 0.06928 avg lploss: 0.00000
train epoch 4 avg loss: 0.06744 avg lploss: 0.00000
train epoch 5 avg loss: 0.06566 avg lploss: 0.00000
==> val epoch 5 avg loss: 0.06539 avg lploss: 0.00000
==> test epoch 5 avg loss: 0.06901 avg lploss: 0.00000
*** Best Val Loss: 0.06539 	 Best Test Loss: 0.06901 	 Best epoch 5
Validation loss decreased (0.075588 --> 0.065391).  Saving model ...
train epoch 6 avg loss: 0.06411 avg lploss: 0.00000
train epoch 7 avg loss: 0.06241 avg lploss: 0.00000
train epoch 8 avg loss: 0.06132 avg lploss: 0.00000
train epoch 9 avg loss: 0.05983 avg lploss: 0.00000
train epoch 10 avg loss: 0.05900 avg lploss: 0.00000
==> val epoch 10 avg loss: 0.05898 avg lploss: 0.00000
==> test epoch 10 avg loss: 0.05963 avg lploss: 0.00000
*** Best Val Loss: 0.05898 	 Best Test Loss: 0.05963 	 Best epoch 10
Validation loss decreased (0.065391 --> 0.058977).  Saving model ...
train epoch 11 avg loss: 0.05801 avg lploss: 0.00000
train epoch 12 avg loss: 0.05706 avg lploss: 0.00000
train epoch 13 avg loss: 0.05637 avg lploss: 0.00000
train epoch 14 avg loss: 0.05574 avg lploss: 0.00000
train epoch 15 avg loss: 0.05494 avg lploss: 0.00000
==> val epoch 15 avg loss: 0.05557 avg lploss: 0.00000
==> test epoch 15 avg loss: 0.05370 avg lploss: 0.00000
*** Best Val Loss: 0.05557 	 Best Test Loss: 0.05370 	 Best epoch 15
Validation loss decreased (0.058977 --> 0.055569).  Saving model ...
train epoch 16 avg loss: 0.05461 avg lploss: 0.00000
train epoch 17 avg loss: 0.05396 avg lploss: 0.00000
train epoch 18 avg loss: 0.05358 avg lploss: 0.00000
train epoch 19 avg loss: 0.05311 avg lploss: 0.00000
train epoch 20 avg loss: 0.05283 avg lploss: 0.00000
==> val epoch 20 avg loss: 0.05336 avg lploss: 0.00000
==> test epoch 20 avg loss: 0.05133 avg lploss: 0.00000
*** Best Val Loss: 0.05336 	 Best Test Loss: 0.05133 	 Best epoch 20
Validation loss decreased (0.055569 --> 0.053364).  Saving model ...
train epoch 21 avg loss: 0.05247 avg lploss: 0.00000
train epoch 22 avg loss: 0.05214 avg lploss: 0.00000
train epoch 23 avg loss: 0.05182 avg lploss: 0.00000
train epoch 24 avg loss: 0.05156 avg lploss: 0.00000
train epoch 25 avg loss: 0.05121 avg lploss: 0.00000
==> val epoch 25 avg loss: 0.05202 avg lploss: 0.00000
==> test epoch 25 avg loss: 0.05038 avg lploss: 0.00000
*** Best Val Loss: 0.05202 	 Best Test Loss: 0.05038 	 Best epoch 25
Validation loss decreased (0.053364 --> 0.052015).  Saving model ...
train epoch 26 avg loss: 0.05101 avg lploss: 0.00000
train epoch 27 avg loss: 0.05074 avg lploss: 0.00000
train epoch 28 avg loss: 0.05044 avg lploss: 0.00000
train epoch 29 avg loss: 0.05012 avg lploss: 0.00000
train epoch 30 avg loss: 0.04989 avg lploss: 0.00000
==> val epoch 30 avg loss: 0.05056 avg lploss: 0.00000
==> test epoch 30 avg loss: 0.04893 avg lploss: 0.00000
*** Best Val Loss: 0.05056 	 Best Test Loss: 0.04893 	 Best epoch 30
Validation loss decreased (0.052015 --> 0.050563).  Saving model ...
train epoch 31 avg loss: 0.04960 avg lploss: 0.00000
train epoch 32 avg loss: 0.04924 avg lploss: 0.00000
train epoch 33 avg loss: 0.04887 avg lploss: 0.00000
train epoch 34 avg loss: 0.04858 avg lploss: 0.00000
train epoch 35 avg loss: 0.04826 avg lploss: 0.00000
==> val epoch 35 avg loss: 0.04864 avg lploss: 0.00000
==> test epoch 35 avg loss: 0.04735 avg lploss: 0.00000
*** Best Val Loss: 0.04864 	 Best Test Loss: 0.04735 	 Best epoch 35
Validation loss decreased (0.050563 --> 0.048643).  Saving model ...
train epoch 36 avg loss: 0.04792 avg lploss: 0.00000
train epoch 37 avg loss: 0.04751 avg lploss: 0.00000
train epoch 38 avg loss: 0.04716 avg lploss: 0.00000
train epoch 39 avg loss: 0.04675 avg lploss: 0.00000
train epoch 40 avg loss: 0.04634 avg lploss: 0.00000
==> val epoch 40 avg loss: 0.04661 avg lploss: 0.00000
==> test epoch 40 avg loss: 0.04544 avg lploss: 0.00000
*** Best Val Loss: 0.04661 	 Best Test Loss: 0.04544 	 Best epoch 40
Validation loss decreased (0.048643 --> 0.046613).  Saving model ...
train epoch 41 avg loss: 0.04594 avg lploss: 0.00000
train epoch 42 avg loss: 0.04549 avg lploss: 0.00000
train epoch 43 avg loss: 0.04510 avg lploss: 0.00000
train epoch 44 avg loss: 0.04459 avg lploss: 0.00000
train epoch 45 avg loss: 0.04406 avg lploss: 0.00000
==> val epoch 45 avg loss: 0.04408 avg lploss: 0.00000
==> test epoch 45 avg loss: 0.04303 avg lploss: 0.00000
*** Best Val Loss: 0.04408 	 Best Test Loss: 0.04303 	 Best epoch 45
Validation loss decreased (0.046613 --> 0.044077).  Saving model ...
train epoch 46 avg loss: 0.04358 avg lploss: 0.00000
train epoch 47 avg loss: 0.04304 avg lploss: 0.00000
train epoch 48 avg loss: 0.04247 avg lploss: 0.00000
train epoch 49 avg loss: 0.04197 avg lploss: 0.00000
train epoch 50 avg loss: 0.04135 avg lploss: 0.00000
==> val epoch 50 avg loss: 0.04157 avg lploss: 0.00000
==> test epoch 50 avg loss: 0.04554 avg lploss: 0.00000
*** Best Val Loss: 0.04157 	 Best Test Loss: 0.04554 	 Best epoch 50
Validation loss decreased (0.044077 --> 0.041569).  Saving model ...
train epoch 51 avg loss: 0.04161 avg lploss: 0.00000
train epoch 52 avg loss: 0.04561 avg lploss: 0.00000
train epoch 53 avg loss: 0.04407 avg lploss: 0.00000
train epoch 54 avg loss: 0.04178 avg lploss: 0.00000
train epoch 55 avg loss: 0.04020 avg lploss: 0.00000
==> val epoch 55 avg loss: 0.03937 avg lploss: 0.00000
==> test epoch 55 avg loss: 0.03795 avg lploss: 0.00000
*** Best Val Loss: 0.03937 	 Best Test Loss: 0.03795 	 Best epoch 55
Validation loss decreased (0.041569 --> 0.039366).  Saving model ...
train epoch 56 avg loss: 0.03889 avg lploss: 0.00000
train epoch 57 avg loss: 0.03813 avg lploss: 0.00000
train epoch 58 avg loss: 0.03821 avg lploss: 0.00000
train epoch 59 avg loss: 0.03726 avg lploss: 0.00000
train epoch 60 avg loss: 0.03626 avg lploss: 0.00000
==> val epoch 60 avg loss: 0.03608 avg lploss: 0.00000
==> test epoch 60 avg loss: 0.03500 avg lploss: 0.00000
*** Best Val Loss: 0.03608 	 Best Test Loss: 0.03500 	 Best epoch 60
Validation loss decreased (0.039366 --> 0.036081).  Saving model ...
train epoch 61 avg loss: 0.03549 avg lploss: 0.00000
train epoch 62 avg loss: 0.03495 avg lploss: 0.00000
train epoch 63 avg loss: 0.03423 avg lploss: 0.00000
train epoch 64 avg loss: 0.03373 avg lploss: 0.00000
train epoch 65 avg loss: 0.03309 avg lploss: 0.00000
==> val epoch 65 avg loss: 0.03268 avg lploss: 0.00000
==> test epoch 65 avg loss: 0.03162 avg lploss: 0.00000
*** Best Val Loss: 0.03268 	 Best Test Loss: 0.03162 	 Best epoch 65
Validation loss decreased (0.036081 --> 0.032684).  Saving model ...
train epoch 66 avg loss: 0.03226 avg lploss: 0.00000
train epoch 67 avg loss: 0.03157 avg lploss: 0.00000
train epoch 68 avg loss: 0.03088 avg lploss: 0.00000
train epoch 69 avg loss: 0.03030 avg lploss: 0.00000
train epoch 70 avg loss: 0.02977 avg lploss: 0.00000
==> val epoch 70 avg loss: 0.02946 avg lploss: 0.00000
==> test epoch 70 avg loss: 0.02862 avg lploss: 0.00000
*** Best Val Loss: 0.02946 	 Best Test Loss: 0.02862 	 Best epoch 70
Validation loss decreased (0.032684 --> 0.029459).  Saving model ...
train epoch 71 avg loss: 0.02915 avg lploss: 0.00000
train epoch 72 avg loss: 0.02865 avg lploss: 0.00000
train epoch 73 avg loss: 0.02794 avg lploss: 0.00000
train epoch 74 avg loss: 0.02736 avg lploss: 0.00000
train epoch 75 avg loss: 0.02682 avg lploss: 0.00000
==> val epoch 75 avg loss: 0.02654 avg lploss: 0.00000
==> test epoch 75 avg loss: 0.02586 avg lploss: 0.00000
*** Best Val Loss: 0.02654 	 Best Test Loss: 0.02586 	 Best epoch 75
Validation loss decreased (0.029459 --> 0.026542).  Saving model ...
train epoch 76 avg loss: 0.02631 avg lploss: 0.00000
train epoch 77 avg loss: 0.02585 avg lploss: 0.00000
train epoch 78 avg loss: 0.02537 avg lploss: 0.00000
train epoch 79 avg loss: 0.02490 avg lploss: 0.00000
train epoch 80 avg loss: 0.02457 avg lploss: 0.00000
==> val epoch 80 avg loss: 0.02472 avg lploss: 0.00000
==> test epoch 80 avg loss: 0.02418 avg lploss: 0.00000
*** Best Val Loss: 0.02472 	 Best Test Loss: 0.02418 	 Best epoch 80
Validation loss decreased (0.026542 --> 0.024719).  Saving model ...
train epoch 81 avg loss: 0.02437 avg lploss: 0.00000
train epoch 82 avg loss: 0.02368 avg lploss: 0.00000
train epoch 83 avg loss: 0.02331 avg lploss: 0.00000
train epoch 84 avg loss: 0.02279 avg lploss: 0.00000
train epoch 85 avg loss: 0.02247 avg lploss: 0.00000
==> val epoch 85 avg loss: 0.02237 avg lploss: 0.00000
==> test epoch 85 avg loss: 0.02187 avg lploss: 0.00000
*** Best Val Loss: 0.02237 	 Best Test Loss: 0.02187 	 Best epoch 85
Validation loss decreased (0.024719 --> 0.022372).  Saving model ...
train epoch 86 avg loss: 0.02207 avg lploss: 0.00000
train epoch 87 avg loss: 0.02171 avg lploss: 0.00000
train epoch 88 avg loss: 0.02170 avg lploss: 0.00000
train epoch 89 avg loss: 0.02141 avg lploss: 0.00000
train epoch 90 avg loss: 0.02105 avg lploss: 0.00000
==> val epoch 90 avg loss: 0.02087 avg lploss: 0.00000
==> test epoch 90 avg loss: 0.02051 avg lploss: 0.00000
*** Best Val Loss: 0.02087 	 Best Test Loss: 0.02051 	 Best epoch 90
Validation loss decreased (0.022372 --> 0.020870).  Saving model ...
train epoch 91 avg loss: 0.02085 avg lploss: 0.00000
train epoch 92 avg loss: 0.02069 avg lploss: 0.00000
train epoch 93 avg loss: 0.02005 avg lploss: 0.00000
train epoch 94 avg loss: 0.02033 avg lploss: 0.00000
train epoch 95 avg loss: 0.01983 avg lploss: 0.00000
==> val epoch 95 avg loss: 0.02029 avg lploss: 0.00000
==> test epoch 95 avg loss: 0.01990 avg lploss: 0.00000
*** Best Val Loss: 0.02029 	 Best Test Loss: 0.01990 	 Best epoch 95
Validation loss decreased (0.020870 --> 0.020290).  Saving model ...
train epoch 96 avg loss: 0.01978 avg lploss: 0.00000
train epoch 97 avg loss: 0.01919 avg lploss: 0.00000
train epoch 98 avg loss: 0.01882 avg lploss: 0.00000
train epoch 99 avg loss: 0.01884 avg lploss: 0.00000
train epoch 100 avg loss: 0.01880 avg lploss: 0.00000
==> val epoch 100 avg loss: 0.01882 avg lploss: 0.00000
==> test epoch 100 avg loss: 0.01831 avg lploss: 0.00000
*** Best Val Loss: 0.01882 	 Best Test Loss: 0.01831 	 Best epoch 100
Validation loss decreased (0.020290 --> 0.018822).  Saving model ...
train epoch 101 avg loss: 0.01858 avg lploss: 0.00000
train epoch 102 avg loss: 0.01846 avg lploss: 0.00000
train epoch 103 avg loss: 0.01847 avg lploss: 0.00000
train epoch 104 avg loss: 0.01784 avg lploss: 0.00000
train epoch 105 avg loss: 0.01765 avg lploss: 0.00000
==> val epoch 105 avg loss: 0.01749 avg lploss: 0.00000
==> test epoch 105 avg loss: 0.01691 avg lploss: 0.00000
*** Best Val Loss: 0.01749 	 Best Test Loss: 0.01691 	 Best epoch 105
Validation loss decreased (0.018822 --> 0.017492).  Saving model ...
train epoch 106 avg loss: 0.01747 avg lploss: 0.00000
train epoch 107 avg loss: 0.01743 avg lploss: 0.00000
train epoch 108 avg loss: 0.01720 avg lploss: 0.00000
train epoch 109 avg loss: 0.01712 avg lploss: 0.00000
train epoch 110 avg loss: 0.01694 avg lploss: 0.00000
==> val epoch 110 avg loss: 0.01673 avg lploss: 0.00000
==> test epoch 110 avg loss: 0.01610 avg lploss: 0.00000
*** Best Val Loss: 0.01673 	 Best Test Loss: 0.01610 	 Best epoch 110
Validation loss decreased (0.017492 --> 0.016733).  Saving model ...
train epoch 111 avg loss: 0.01695 avg lploss: 0.00000
train epoch 112 avg loss: 0.01671 avg lploss: 0.00000
train epoch 113 avg loss: 0.01654 avg lploss: 0.00000
train epoch 114 avg loss: 0.01642 avg lploss: 0.00000
train epoch 115 avg loss: 0.01625 avg lploss: 0.00000
==> val epoch 115 avg loss: 0.01628 avg lploss: 0.00000
==> test epoch 115 avg loss: 0.01558 avg lploss: 0.00000
*** Best Val Loss: 0.01628 	 Best Test Loss: 0.01558 	 Best epoch 115
Validation loss decreased (0.016733 --> 0.016276).  Saving model ...
train epoch 116 avg loss: 0.01622 avg lploss: 0.00000
train epoch 117 avg loss: 0.01656 avg lploss: 0.00000
train epoch 118 avg loss: 0.01631 avg lploss: 0.00000
train epoch 119 avg loss: 0.01591 avg lploss: 0.00000
train epoch 120 avg loss: 0.01576 avg lploss: 0.00000
==> val epoch 120 avg loss: 0.01571 avg lploss: 0.00000
==> test epoch 120 avg loss: 0.01500 avg lploss: 0.00000
*** Best Val Loss: 0.01571 	 Best Test Loss: 0.01500 	 Best epoch 120
Validation loss decreased (0.016276 --> 0.015707).  Saving model ...
train epoch 121 avg loss: 0.01587 avg lploss: 0.00000
train epoch 122 avg loss: 0.01579 avg lploss: 0.00000
train epoch 123 avg loss: 0.01564 avg lploss: 0.00000
train epoch 124 avg loss: 0.01554 avg lploss: 0.00000
train epoch 125 avg loss: 0.01542 avg lploss: 0.00000
==> val epoch 125 avg loss: 0.01529 avg lploss: 0.00000
==> test epoch 125 avg loss: 0.01454 avg lploss: 0.00000
*** Best Val Loss: 0.01529 	 Best Test Loss: 0.01454 	 Best epoch 125
Validation loss decreased (0.015707 --> 0.015293).  Saving model ...
train epoch 126 avg loss: 0.01534 avg lploss: 0.00000
train epoch 127 avg loss: 0.01526 avg lploss: 0.00000
train epoch 128 avg loss: 0.01526 avg lploss: 0.00000
train epoch 129 avg loss: 0.01519 avg lploss: 0.00000
train epoch 130 avg loss: 0.01511 avg lploss: 0.00000
==> val epoch 130 avg loss: 0.01490 avg lploss: 0.00000
==> test epoch 130 avg loss: 0.01409 avg lploss: 0.00000
*** Best Val Loss: 0.01490 	 Best Test Loss: 0.01409 	 Best epoch 130
Validation loss decreased (0.015293 --> 0.014895).  Saving model ...
train epoch 131 avg loss: 0.01499 avg lploss: 0.00000
train epoch 132 avg loss: 0.01497 avg lploss: 0.00000
train epoch 133 avg loss: 0.01490 avg lploss: 0.00000
train epoch 134 avg loss: 0.01493 avg lploss: 0.00000
train epoch 135 avg loss: 0.01490 avg lploss: 0.00000
==> val epoch 135 avg loss: 0.01471 avg lploss: 0.00000
==> test epoch 135 avg loss: 0.01384 avg lploss: 0.00000
*** Best Val Loss: 0.01471 	 Best Test Loss: 0.01384 	 Best epoch 135
Validation loss decreased (0.014895 --> 0.014709).  Saving model ...
train epoch 136 avg loss: 0.01481 avg lploss: 0.00000
train epoch 137 avg loss: 0.01471 avg lploss: 0.00000
train epoch 138 avg loss: 0.01493 avg lploss: 0.00000
train epoch 139 avg loss: 0.01489 avg lploss: 0.00000
train epoch 140 avg loss: 0.01494 avg lploss: 0.00000
==> val epoch 140 avg loss: 0.01462 avg lploss: 0.00000
==> test epoch 140 avg loss: 0.01368 avg lploss: 0.00000
*** Best Val Loss: 0.01462 	 Best Test Loss: 0.01368 	 Best epoch 140
Validation loss decreased (0.014709 --> 0.014625).  Saving model ...
train epoch 141 avg loss: 0.01488 avg lploss: 0.00000
train epoch 142 avg loss: 0.01477 avg lploss: 0.00000
train epoch 143 avg loss: 0.01486 avg lploss: 0.00000
train epoch 144 avg loss: 0.01465 avg lploss: 0.00000
train epoch 145 avg loss: 0.01476 avg lploss: 0.00000
==> val epoch 145 avg loss: 0.01436 avg lploss: 0.00000
==> test epoch 145 avg loss: 0.01345 avg lploss: 0.00000
*** Best Val Loss: 0.01436 	 Best Test Loss: 0.01345 	 Best epoch 145
Validation loss decreased (0.014625 --> 0.014360).  Saving model ...
train epoch 146 avg loss: 0.01471 avg lploss: 0.00000
train epoch 147 avg loss: 0.01432 avg lploss: 0.00000
train epoch 148 avg loss: 0.01441 avg lploss: 0.00000
train epoch 149 avg loss: 0.01438 avg lploss: 0.00000
train epoch 150 avg loss: 0.01459 avg lploss: 0.00000
==> val epoch 150 avg loss: 0.01418 avg lploss: 0.00000
==> test epoch 150 avg loss: 0.01322 avg lploss: 0.00000
*** Best Val Loss: 0.01418 	 Best Test Loss: 0.01322 	 Best epoch 150
Validation loss decreased (0.014360 --> 0.014183).  Saving model ...
train epoch 151 avg loss: 0.01421 avg lploss: 0.00000
train epoch 152 avg loss: 0.01414 avg lploss: 0.00000
train epoch 153 avg loss: 0.01426 avg lploss: 0.00000
train epoch 154 avg loss: 0.01417 avg lploss: 0.00000
train epoch 155 avg loss: 0.01406 avg lploss: 0.00000
==> val epoch 155 avg loss: 0.01382 avg lploss: 0.00000
==> test epoch 155 avg loss: 0.01291 avg lploss: 0.00000
*** Best Val Loss: 0.01382 	 Best Test Loss: 0.01291 	 Best epoch 155
Validation loss decreased (0.014183 --> 0.013817).  Saving model ...
train epoch 156 avg loss: 0.01410 avg lploss: 0.00000
train epoch 157 avg loss: 0.01423 avg lploss: 0.00000
train epoch 158 avg loss: 0.01411 avg lploss: 0.00000
train epoch 159 avg loss: 0.01413 avg lploss: 0.00000
train epoch 160 avg loss: 0.01409 avg lploss: 0.00000
==> val epoch 160 avg loss: 0.01377 avg lploss: 0.00000
==> test epoch 160 avg loss: 0.01288 avg lploss: 0.00000
*** Best Val Loss: 0.01377 	 Best Test Loss: 0.01288 	 Best epoch 160
Validation loss decreased (0.013817 --> 0.013770).  Saving model ...
train epoch 161 avg loss: 0.01423 avg lploss: 0.00000
train epoch 162 avg loss: 0.01403 avg lploss: 0.00000
train epoch 163 avg loss: 0.01389 avg lploss: 0.00000
train epoch 164 avg loss: 0.01391 avg lploss: 0.00000
train epoch 165 avg loss: 0.01380 avg lploss: 0.00000
==> val epoch 165 avg loss: 0.01357 avg lploss: 0.00000
==> test epoch 165 avg loss: 0.01263 avg lploss: 0.00000
*** Best Val Loss: 0.01357 	 Best Test Loss: 0.01263 	 Best epoch 165
Validation loss decreased (0.013770 --> 0.013568).  Saving model ...
train epoch 166 avg loss: 0.01371 avg lploss: 0.00000
train epoch 167 avg loss: 0.01384 avg lploss: 0.00000
train epoch 168 avg loss: 0.01376 avg lploss: 0.00000
train epoch 169 avg loss: 0.01383 avg lploss: 0.00000
train epoch 170 avg loss: 0.01379 avg lploss: 0.00000
==> val epoch 170 avg loss: 0.01351 avg lploss: 0.00000
==> test epoch 170 avg loss: 0.01254 avg lploss: 0.00000
*** Best Val Loss: 0.01351 	 Best Test Loss: 0.01254 	 Best epoch 170
Validation loss decreased (0.013568 --> 0.013514).  Saving model ...
train epoch 171 avg loss: 0.01360 avg lploss: 0.00000
train epoch 172 avg loss: 0.01357 avg lploss: 0.00000
train epoch 173 avg loss: 0.01368 avg lploss: 0.00000
train epoch 174 avg loss: 0.01355 avg lploss: 0.00000
train epoch 175 avg loss: 0.01355 avg lploss: 0.00000
==> val epoch 175 avg loss: 0.01354 avg lploss: 0.00000
==> test epoch 175 avg loss: 0.01258 avg lploss: 0.00000
*** Best Val Loss: 0.01351 	 Best Test Loss: 0.01254 	 Best epoch 170
EarlyStopping counter: 1 out of 50
train epoch 176 avg loss: 0.01359 avg lploss: 0.00000
train epoch 177 avg loss: 0.01371 avg lploss: 0.00000
train epoch 178 avg loss: 0.01375 avg lploss: 0.00000
train epoch 179 avg loss: 0.01347 avg lploss: 0.00000
train epoch 180 avg loss: 0.01348 avg lploss: 0.00000
==> val epoch 180 avg loss: 0.01347 avg lploss: 0.00000
==> test epoch 180 avg loss: 0.01262 avg lploss: 0.00000
*** Best Val Loss: 0.01347 	 Best Test Loss: 0.01262 	 Best epoch 180
Validation loss decreased (0.013514 --> 0.013473).  Saving model ...
train epoch 181 avg loss: 0.01350 avg lploss: 0.00000
train epoch 182 avg loss: 0.01346 avg lploss: 0.00000
train epoch 183 avg loss: 0.01339 avg lploss: 0.00000
train epoch 184 avg loss: 0.01339 avg lploss: 0.00000
train epoch 185 avg loss: 0.01355 avg lploss: 0.00000
==> val epoch 185 avg loss: 0.01379 avg lploss: 0.00000
==> test epoch 185 avg loss: 0.01274 avg lploss: 0.00000
*** Best Val Loss: 0.01347 	 Best Test Loss: 0.01262 	 Best epoch 180
EarlyStopping counter: 1 out of 50
train epoch 186 avg loss: 0.01363 avg lploss: 0.00000
train epoch 187 avg loss: 0.01341 avg lploss: 0.00000
train epoch 188 avg loss: 0.01342 avg lploss: 0.00000
train epoch 189 avg loss: 0.01322 avg lploss: 0.00000
train epoch 190 avg loss: 0.01325 avg lploss: 0.00000
==> val epoch 190 avg loss: 0.01320 avg lploss: 0.00000
==> test epoch 190 avg loss: 0.01219 avg lploss: 0.00000
*** Best Val Loss: 0.01320 	 Best Test Loss: 0.01219 	 Best epoch 190
Validation loss decreased (0.013473 --> 0.013199).  Saving model ...
train epoch 191 avg loss: 0.01345 avg lploss: 0.00000
train epoch 192 avg loss: 0.01331 avg lploss: 0.00000
train epoch 193 avg loss: 0.01332 avg lploss: 0.00000
train epoch 194 avg loss: 0.01328 avg lploss: 0.00000
train epoch 195 avg loss: 0.01318 avg lploss: 0.00000
==> val epoch 195 avg loss: 0.01298 avg lploss: 0.00000
==> test epoch 195 avg loss: 0.01196 avg lploss: 0.00000
*** Best Val Loss: 0.01298 	 Best Test Loss: 0.01196 	 Best epoch 195
Validation loss decreased (0.013199 --> 0.012976).  Saving model ...
train epoch 196 avg loss: 0.01326 avg lploss: 0.00000
train epoch 197 avg loss: 0.01315 avg lploss: 0.00000
train epoch 198 avg loss: 0.01310 avg lploss: 0.00000
train epoch 199 avg loss: 0.01298 avg lploss: 0.00000
train epoch 200 avg loss: 0.01310 avg lploss: 0.00000
==> val epoch 200 avg loss: 0.01296 avg lploss: 0.00000
==> test epoch 200 avg loss: 0.01195 avg lploss: 0.00000
*** Best Val Loss: 0.01296 	 Best Test Loss: 0.01195 	 Best epoch 200
Validation loss decreased (0.012976 --> 0.012965).  Saving model ...
train epoch 201 avg loss: 0.01297 avg lploss: 0.00000
train epoch 202 avg loss: 0.01298 avg lploss: 0.00000
train epoch 203 avg loss: 0.01303 avg lploss: 0.00000
train epoch 204 avg loss: 0.01297 avg lploss: 0.00000
train epoch 205 avg loss: 0.01307 avg lploss: 0.00000
==> val epoch 205 avg loss: 0.01292 avg lploss: 0.00000
==> test epoch 205 avg loss: 0.01191 avg lploss: 0.00000
*** Best Val Loss: 0.01292 	 Best Test Loss: 0.01191 	 Best epoch 205
Validation loss decreased (0.012965 --> 0.012924).  Saving model ...
train epoch 206 avg loss: 0.01297 avg lploss: 0.00000
train epoch 207 avg loss: 0.01290 avg lploss: 0.00000
train epoch 208 avg loss: 0.01283 avg lploss: 0.00000
train epoch 209 avg loss: 0.01280 avg lploss: 0.00000
train epoch 210 avg loss: 0.01284 avg lploss: 0.00000
==> val epoch 210 avg loss: 0.01274 avg lploss: 0.00000
==> test epoch 210 avg loss: 0.01166 avg lploss: 0.00000
*** Best Val Loss: 0.01274 	 Best Test Loss: 0.01166 	 Best epoch 210
Validation loss decreased (0.012924 --> 0.012741).  Saving model ...
train epoch 211 avg loss: 0.01277 avg lploss: 0.00000
train epoch 212 avg loss: 0.01275 avg lploss: 0.00000
train epoch 213 avg loss: 0.01277 avg lploss: 0.00000
train epoch 214 avg loss: 0.01276 avg lploss: 0.00000
train epoch 215 avg loss: 0.01288 avg lploss: 0.00000
==> val epoch 215 avg loss: 0.01341 avg lploss: 0.00000
==> test epoch 215 avg loss: 0.01235 avg lploss: 0.00000
*** Best Val Loss: 0.01274 	 Best Test Loss: 0.01166 	 Best epoch 210
EarlyStopping counter: 1 out of 50
train epoch 216 avg loss: 0.01309 avg lploss: 0.00000
train epoch 217 avg loss: 0.01282 avg lploss: 0.00000
train epoch 218 avg loss: 0.01294 avg lploss: 0.00000
train epoch 219 avg loss: 0.01299 avg lploss: 0.00000
train epoch 220 avg loss: 0.01280 avg lploss: 0.00000
==> val epoch 220 avg loss: 0.01275 avg lploss: 0.00000
==> test epoch 220 avg loss: 0.01169 avg lploss: 0.00000
*** Best Val Loss: 0.01274 	 Best Test Loss: 0.01166 	 Best epoch 210
EarlyStopping counter: 2 out of 50
train epoch 221 avg loss: 0.01259 avg lploss: 0.00000
train epoch 222 avg loss: 0.01267 avg lploss: 0.00000
train epoch 223 avg loss: 0.01255 avg lploss: 0.00000
train epoch 224 avg loss: 0.01258 avg lploss: 0.00000
train epoch 225 avg loss: 0.01259 avg lploss: 0.00000
==> val epoch 225 avg loss: 0.01253 avg lploss: 0.00000
==> test epoch 225 avg loss: 0.01151 avg lploss: 0.00000
*** Best Val Loss: 0.01253 	 Best Test Loss: 0.01151 	 Best epoch 225
Validation loss decreased (0.012741 --> 0.012529).  Saving model ...
train epoch 226 avg loss: 0.01254 avg lploss: 0.00000
train epoch 227 avg loss: 0.01254 avg lploss: 0.00000
train epoch 228 avg loss: 0.01266 avg lploss: 0.00000
train epoch 229 avg loss: 0.01258 avg lploss: 0.00000
train epoch 230 avg loss: 0.01282 avg lploss: 0.00000
==> val epoch 230 avg loss: 0.01267 avg lploss: 0.00000
==> test epoch 230 avg loss: 0.01168 avg lploss: 0.00000
*** Best Val Loss: 0.01253 	 Best Test Loss: 0.01151 	 Best epoch 225
EarlyStopping counter: 1 out of 50
train epoch 231 avg loss: 0.01258 avg lploss: 0.00000
train epoch 232 avg loss: 0.01248 avg lploss: 0.00000
train epoch 233 avg loss: 0.01247 avg lploss: 0.00000
train epoch 234 avg loss: 0.01243 avg lploss: 0.00000
train epoch 235 avg loss: 0.01243 avg lploss: 0.00000
==> val epoch 235 avg loss: 0.01250 avg lploss: 0.00000
==> test epoch 235 avg loss: 0.01145 avg lploss: 0.00000
*** Best Val Loss: 0.01250 	 Best Test Loss: 0.01145 	 Best epoch 235
Validation loss decreased (0.012529 --> 0.012503).  Saving model ...
train epoch 236 avg loss: 0.01247 avg lploss: 0.00000
train epoch 237 avg loss: 0.01254 avg lploss: 0.00000
train epoch 238 avg loss: 0.01246 avg lploss: 0.00000
train epoch 239 avg loss: 0.01247 avg lploss: 0.00000
train epoch 240 avg loss: 0.01254 avg lploss: 0.00000
==> val epoch 240 avg loss: 0.01256 avg lploss: 0.00000
==> test epoch 240 avg loss: 0.01154 avg lploss: 0.00000
*** Best Val Loss: 0.01250 	 Best Test Loss: 0.01145 	 Best epoch 235
EarlyStopping counter: 1 out of 50
train epoch 241 avg loss: 0.01244 avg lploss: 0.00000
train epoch 242 avg loss: 0.01225 avg lploss: 0.00000
train epoch 243 avg loss: 0.01231 avg lploss: 0.00000
train epoch 244 avg loss: 0.01229 avg lploss: 0.00000
train epoch 245 avg loss: 0.01230 avg lploss: 0.00000
==> val epoch 245 avg loss: 0.01238 avg lploss: 0.00000
==> test epoch 245 avg loss: 0.01132 avg lploss: 0.00000
*** Best Val Loss: 0.01238 	 Best Test Loss: 0.01132 	 Best epoch 245
Validation loss decreased (0.012503 --> 0.012382).  Saving model ...
train epoch 246 avg loss: 0.01233 avg lploss: 0.00000
train epoch 247 avg loss: 0.01218 avg lploss: 0.00000
train epoch 248 avg loss: 0.01225 avg lploss: 0.00000
train epoch 249 avg loss: 0.01219 avg lploss: 0.00000
train epoch 250 avg loss: 0.01211 avg lploss: 0.00000
==> val epoch 250 avg loss: 0.01219 avg lploss: 0.00000
==> test epoch 250 avg loss: 0.01116 avg lploss: 0.00000
*** Best Val Loss: 0.01219 	 Best Test Loss: 0.01116 	 Best epoch 250
Validation loss decreased (0.012382 --> 0.012190).  Saving model ...
train epoch 251 avg loss: 0.01211 avg lploss: 0.00000
train epoch 252 avg loss: 0.01208 avg lploss: 0.00000
train epoch 253 avg loss: 0.01212 avg lploss: 0.00000
train epoch 254 avg loss: 0.01215 avg lploss: 0.00000
train epoch 255 avg loss: 0.01212 avg lploss: 0.00000
==> val epoch 255 avg loss: 0.01222 avg lploss: 0.00000
==> test epoch 255 avg loss: 0.01119 avg lploss: 0.00000
*** Best Val Loss: 0.01219 	 Best Test Loss: 0.01116 	 Best epoch 250
EarlyStopping counter: 1 out of 50
train epoch 256 avg loss: 0.01212 avg lploss: 0.00000
train epoch 257 avg loss: 0.01215 avg lploss: 0.00000
train epoch 258 avg loss: 0.01201 avg lploss: 0.00000
train epoch 259 avg loss: 0.01208 avg lploss: 0.00000
train epoch 260 avg loss: 0.01223 avg lploss: 0.00000
==> val epoch 260 avg loss: 0.01211 avg lploss: 0.00000
==> test epoch 260 avg loss: 0.01103 avg lploss: 0.00000
*** Best Val Loss: 0.01211 	 Best Test Loss: 0.01103 	 Best epoch 260
Validation loss decreased (0.012190 --> 0.012112).  Saving model ...
train epoch 261 avg loss: 0.01205 avg lploss: 0.00000
train epoch 262 avg loss: 0.01212 avg lploss: 0.00000
train epoch 263 avg loss: 0.01218 avg lploss: 0.00000
train epoch 264 avg loss: 0.01212 avg lploss: 0.00000
train epoch 265 avg loss: 0.01200 avg lploss: 0.00000
==> val epoch 265 avg loss: 0.01206 avg lploss: 0.00000
==> test epoch 265 avg loss: 0.01100 avg lploss: 0.00000
*** Best Val Loss: 0.01206 	 Best Test Loss: 0.01100 	 Best epoch 265
Validation loss decreased (0.012112 --> 0.012064).  Saving model ...
train epoch 266 avg loss: 0.01211 avg lploss: 0.00000
train epoch 267 avg loss: 0.01199 avg lploss: 0.00000
train epoch 268 avg loss: 0.01200 avg lploss: 0.00000
train epoch 269 avg loss: 0.01196 avg lploss: 0.00000
train epoch 270 avg loss: 0.01196 avg lploss: 0.00000
==> val epoch 270 avg loss: 0.01206 avg lploss: 0.00000
==> test epoch 270 avg loss: 0.01102 avg lploss: 0.00000
*** Best Val Loss: 0.01206 	 Best Test Loss: 0.01102 	 Best epoch 270
Validation loss decreased (0.012064 --> 0.012062).  Saving model ...
train epoch 271 avg loss: 0.01192 avg lploss: 0.00000
train epoch 272 avg loss: 0.01197 avg lploss: 0.00000
train epoch 273 avg loss: 0.01196 avg lploss: 0.00000
train epoch 274 avg loss: 0.01221 avg lploss: 0.00000
train epoch 275 avg loss: 0.01211 avg lploss: 0.00000
==> val epoch 275 avg loss: 0.01203 avg lploss: 0.00000
==> test epoch 275 avg loss: 0.01099 avg lploss: 0.00000
*** Best Val Loss: 0.01203 	 Best Test Loss: 0.01099 	 Best epoch 275
Validation loss decreased (0.012062 --> 0.012033).  Saving model ...
train epoch 276 avg loss: 0.01193 avg lploss: 0.00000
train epoch 277 avg loss: 0.01198 avg lploss: 0.00000
train epoch 278 avg loss: 0.01182 avg lploss: 0.00000
train epoch 279 avg loss: 0.01189 avg lploss: 0.00000
train epoch 280 avg loss: 0.01188 avg lploss: 0.00000
==> val epoch 280 avg loss: 0.01228 avg lploss: 0.00000
==> test epoch 280 avg loss: 0.01133 avg lploss: 0.00000
*** Best Val Loss: 0.01203 	 Best Test Loss: 0.01099 	 Best epoch 275
EarlyStopping counter: 1 out of 50
train epoch 281 avg loss: 0.01210 avg lploss: 0.00000
train epoch 282 avg loss: 0.01203 avg lploss: 0.00000
train epoch 283 avg loss: 0.01194 avg lploss: 0.00000
train epoch 284 avg loss: 0.01183 avg lploss: 0.00000
train epoch 285 avg loss: 0.01184 avg lploss: 0.00000
==> val epoch 285 avg loss: 0.01192 avg lploss: 0.00000
==> test epoch 285 avg loss: 0.01092 avg lploss: 0.00000
*** Best Val Loss: 0.01192 	 Best Test Loss: 0.01092 	 Best epoch 285
Validation loss decreased (0.012033 --> 0.011924).  Saving model ...
train epoch 286 avg loss: 0.01175 avg lploss: 0.00000
train epoch 287 avg loss: 0.01172 avg lploss: 0.00000
train epoch 288 avg loss: 0.01181 avg lploss: 0.00000
train epoch 289 avg loss: 0.01166 avg lploss: 0.00000
train epoch 290 avg loss: 0.01174 avg lploss: 0.00000
==> val epoch 290 avg loss: 0.01192 avg lploss: 0.00000
==> test epoch 290 avg loss: 0.01080 avg lploss: 0.00000
*** Best Val Loss: 0.01192 	 Best Test Loss: 0.01080 	 Best epoch 290
Validation loss decreased (0.011924 --> 0.011920).  Saving model ...
train epoch 291 avg loss: 0.01177 avg lploss: 0.00000
train epoch 292 avg loss: 0.01186 avg lploss: 0.00000
train epoch 293 avg loss: 0.01186 avg lploss: 0.00000
train epoch 294 avg loss: 0.01166 avg lploss: 0.00000
train epoch 295 avg loss: 0.01180 avg lploss: 0.00000
==> val epoch 295 avg loss: 0.01196 avg lploss: 0.00000
==> test epoch 295 avg loss: 0.01103 avg lploss: 0.00000
*** Best Val Loss: 0.01192 	 Best Test Loss: 0.01080 	 Best epoch 290
EarlyStopping counter: 1 out of 50
train epoch 296 avg loss: 0.01189 avg lploss: 0.00000
train epoch 297 avg loss: 0.01215 avg lploss: 0.00000
train epoch 298 avg loss: 0.01235 avg lploss: 0.00000
train epoch 299 avg loss: 0.01242 avg lploss: 0.00000
train epoch 300 avg loss: 0.01203 avg lploss: 0.00000
==> val epoch 300 avg loss: 0.01313 avg lploss: 0.00000
==> test epoch 300 avg loss: 0.01230 avg lploss: 0.00000
*** Best Val Loss: 0.01192 	 Best Test Loss: 0.01080 	 Best epoch 290
EarlyStopping counter: 2 out of 50
train epoch 301 avg loss: 0.01252 avg lploss: 0.00000
train epoch 302 avg loss: 0.01190 avg lploss: 0.00000
train epoch 303 avg loss: 0.01173 avg lploss: 0.00000
train epoch 304 avg loss: 0.01181 avg lploss: 0.00000
train epoch 305 avg loss: 0.01173 avg lploss: 0.00000
==> val epoch 305 avg loss: 0.01189 avg lploss: 0.00000
==> test epoch 305 avg loss: 0.01097 avg lploss: 0.00000
*** Best Val Loss: 0.01189 	 Best Test Loss: 0.01097 	 Best epoch 305
Validation loss decreased (0.011920 --> 0.011887).  Saving model ...
train epoch 306 avg loss: 0.01172 avg lploss: 0.00000
train epoch 307 avg loss: 0.01171 avg lploss: 0.00000
train epoch 308 avg loss: 0.01174 avg lploss: 0.00000
train epoch 309 avg loss: 0.01182 avg lploss: 0.00000
train epoch 310 avg loss: 0.01168 avg lploss: 0.00000
==> val epoch 310 avg loss: 0.01194 avg lploss: 0.00000
==> test epoch 310 avg loss: 0.01083 avg lploss: 0.00000
*** Best Val Loss: 0.01189 	 Best Test Loss: 0.01097 	 Best epoch 305
EarlyStopping counter: 1 out of 50
train epoch 311 avg loss: 0.01153 avg lploss: 0.00000
train epoch 312 avg loss: 0.01143 avg lploss: 0.00000
train epoch 313 avg loss: 0.01144 avg lploss: 0.00000
train epoch 314 avg loss: 0.01138 avg lploss: 0.00000
train epoch 315 avg loss: 0.01141 avg lploss: 0.00000
==> val epoch 315 avg loss: 0.01171 avg lploss: 0.00000
==> test epoch 315 avg loss: 0.01066 avg lploss: 0.00000
*** Best Val Loss: 0.01171 	 Best Test Loss: 0.01066 	 Best epoch 315
Validation loss decreased (0.011887 --> 0.011709).  Saving model ...
train epoch 316 avg loss: 0.01141 avg lploss: 0.00000
train epoch 317 avg loss: 0.01139 avg lploss: 0.00000
train epoch 318 avg loss: 0.01146 avg lploss: 0.00000
train epoch 319 avg loss: 0.01141 avg lploss: 0.00000
train epoch 320 avg loss: 0.01152 avg lploss: 0.00000
==> val epoch 320 avg loss: 0.01185 avg lploss: 0.00000
==> test epoch 320 avg loss: 0.01068 avg lploss: 0.00000
*** Best Val Loss: 0.01171 	 Best Test Loss: 0.01066 	 Best epoch 315
EarlyStopping counter: 1 out of 50
train epoch 321 avg loss: 0.01145 avg lploss: 0.00000
train epoch 322 avg loss: 0.01163 avg lploss: 0.00000
train epoch 323 avg loss: 0.01154 avg lploss: 0.00000
train epoch 324 avg loss: 0.01143 avg lploss: 0.00000
train epoch 325 avg loss: 0.01133 avg lploss: 0.00000
==> val epoch 325 avg loss: 0.01168 avg lploss: 0.00000
==> test epoch 325 avg loss: 0.01083 avg lploss: 0.00000
*** Best Val Loss: 0.01168 	 Best Test Loss: 0.01083 	 Best epoch 325
Validation loss decreased (0.011709 --> 0.011681).  Saving model ...
train epoch 326 avg loss: 0.01142 avg lploss: 0.00000
train epoch 327 avg loss: 0.01188 avg lploss: 0.00000
train epoch 328 avg loss: 0.01172 avg lploss: 0.00000
train epoch 329 avg loss: 0.01158 avg lploss: 0.00000
train epoch 330 avg loss: 0.01131 avg lploss: 0.00000
==> val epoch 330 avg loss: 0.01165 avg lploss: 0.00000
==> test epoch 330 avg loss: 0.01052 avg lploss: 0.00000
*** Best Val Loss: 0.01165 	 Best Test Loss: 0.01052 	 Best epoch 330
Validation loss decreased (0.011681 --> 0.011647).  Saving model ...
train epoch 331 avg loss: 0.01126 avg lploss: 0.00000
train epoch 332 avg loss: 0.01132 avg lploss: 0.00000
train epoch 333 avg loss: 0.01133 avg lploss: 0.00000
train epoch 334 avg loss: 0.01127 avg lploss: 0.00000
train epoch 335 avg loss: 0.01121 avg lploss: 0.00000
==> val epoch 335 avg loss: 0.01174 avg lploss: 0.00000
==> test epoch 335 avg loss: 0.01058 avg lploss: 0.00000
*** Best Val Loss: 0.01165 	 Best Test Loss: 0.01052 	 Best epoch 330
EarlyStopping counter: 1 out of 50
train epoch 336 avg loss: 0.01126 avg lploss: 0.00000
train epoch 337 avg loss: 0.01117 avg lploss: 0.00000
train epoch 338 avg loss: 0.01130 avg lploss: 0.00000
train epoch 339 avg loss: 0.01133 avg lploss: 0.00000
train epoch 340 avg loss: 0.01119 avg lploss: 0.00000
==> val epoch 340 avg loss: 0.01163 avg lploss: 0.00000
==> test epoch 340 avg loss: 0.01050 avg lploss: 0.00000
*** Best Val Loss: 0.01163 	 Best Test Loss: 0.01050 	 Best epoch 340
Validation loss decreased (0.011647 --> 0.011633).  Saving model ...
train epoch 341 avg loss: 0.01133 avg lploss: 0.00000
train epoch 342 avg loss: 0.01137 avg lploss: 0.00000
train epoch 343 avg loss: 0.01119 avg lploss: 0.00000
train epoch 344 avg loss: 0.01169 avg lploss: 0.00000
train epoch 345 avg loss: 0.01142 avg lploss: 0.00000
==> val epoch 345 avg loss: 0.01216 avg lploss: 0.00000
==> test epoch 345 avg loss: 0.01106 avg lploss: 0.00000
*** Best Val Loss: 0.01163 	 Best Test Loss: 0.01050 	 Best epoch 340
EarlyStopping counter: 1 out of 50
train epoch 346 avg loss: 0.01136 avg lploss: 0.00000
train epoch 347 avg loss: 0.01120 avg lploss: 0.00000
train epoch 348 avg loss: 0.01115 avg lploss: 0.00000
train epoch 349 avg loss: 0.01129 avg lploss: 0.00000
train epoch 350 avg loss: 0.01121 avg lploss: 0.00000
==> val epoch 350 avg loss: 0.01155 avg lploss: 0.00000
==> test epoch 350 avg loss: 0.01043 avg lploss: 0.00000
*** Best Val Loss: 0.01155 	 Best Test Loss: 0.01043 	 Best epoch 350
Validation loss decreased (0.011633 --> 0.011548).  Saving model ...
train epoch 351 avg loss: 0.01106 avg lploss: 0.00000
train epoch 352 avg loss: 0.01113 avg lploss: 0.00000
train epoch 353 avg loss: 0.01105 avg lploss: 0.00000
train epoch 354 avg loss: 0.01103 avg lploss: 0.00000
train epoch 355 avg loss: 0.01105 avg lploss: 0.00000
==> val epoch 355 avg loss: 0.01158 avg lploss: 0.00000
==> test epoch 355 avg loss: 0.01042 avg lploss: 0.00000
*** Best Val Loss: 0.01155 	 Best Test Loss: 0.01043 	 Best epoch 350
EarlyStopping counter: 1 out of 50
train epoch 356 avg loss: 0.01121 avg lploss: 0.00000
train epoch 357 avg loss: 0.01139 avg lploss: 0.00000
train epoch 358 avg loss: 0.01117 avg lploss: 0.00000
train epoch 359 avg loss: 0.01115 avg lploss: 0.00000
train epoch 360 avg loss: 0.01133 avg lploss: 0.00000
==> val epoch 360 avg loss: 0.01161 avg lploss: 0.00000
==> test epoch 360 avg loss: 0.01048 avg lploss: 0.00000
*** Best Val Loss: 0.01155 	 Best Test Loss: 0.01043 	 Best epoch 350
EarlyStopping counter: 2 out of 50
train epoch 361 avg loss: 0.01122 avg lploss: 0.00000
train epoch 362 avg loss: 0.01117 avg lploss: 0.00000
train epoch 363 avg loss: 0.01123 avg lploss: 0.00000
train epoch 364 avg loss: 0.01110 avg lploss: 0.00000
train epoch 365 avg loss: 0.01107 avg lploss: 0.00000
==> val epoch 365 avg loss: 0.01156 avg lploss: 0.00000
==> test epoch 365 avg loss: 0.01047 avg lploss: 0.00000
*** Best Val Loss: 0.01155 	 Best Test Loss: 0.01043 	 Best epoch 350
EarlyStopping counter: 3 out of 50
train epoch 366 avg loss: 0.01109 avg lploss: 0.00000
train epoch 367 avg loss: 0.01110 avg lploss: 0.00000
train epoch 368 avg loss: 0.01098 avg lploss: 0.00000
train epoch 369 avg loss: 0.01115 avg lploss: 0.00000
train epoch 370 avg loss: 0.01124 avg lploss: 0.00000
==> val epoch 370 avg loss: 0.01159 avg lploss: 0.00000
==> test epoch 370 avg loss: 0.01045 avg lploss: 0.00000
*** Best Val Loss: 0.01155 	 Best Test Loss: 0.01043 	 Best epoch 350
EarlyStopping counter: 4 out of 50
train epoch 371 avg loss: 0.01091 avg lploss: 0.00000
train epoch 372 avg loss: 0.01114 avg lploss: 0.00000
train epoch 373 avg loss: 0.01099 avg lploss: 0.00000
train epoch 374 avg loss: 0.01106 avg lploss: 0.00000
train epoch 375 avg loss: 0.01110 avg lploss: 0.00000
==> val epoch 375 avg loss: 0.01156 avg lploss: 0.00000
==> test epoch 375 avg loss: 0.01041 avg lploss: 0.00000
*** Best Val Loss: 0.01155 	 Best Test Loss: 0.01043 	 Best epoch 350
EarlyStopping counter: 5 out of 50
train epoch 376 avg loss: 0.01100 avg lploss: 0.00000
train epoch 377 avg loss: 0.01100 avg lploss: 0.00000
train epoch 378 avg loss: 0.01089 avg lploss: 0.00000
train epoch 379 avg loss: 0.01088 avg lploss: 0.00000
train epoch 380 avg loss: 0.01081 avg lploss: 0.00000
==> val epoch 380 avg loss: 0.01145 avg lploss: 0.00000
==> test epoch 380 avg loss: 0.01026 avg lploss: 0.00000
*** Best Val Loss: 0.01145 	 Best Test Loss: 0.01026 	 Best epoch 380
Validation loss decreased (0.011548 --> 0.011446).  Saving model ...
train epoch 381 avg loss: 0.01081 avg lploss: 0.00000
train epoch 382 avg loss: 0.01098 avg lploss: 0.00000
train epoch 383 avg loss: 0.01091 avg lploss: 0.00000
train epoch 384 avg loss: 0.01084 avg lploss: 0.00000
train epoch 385 avg loss: 0.01089 avg lploss: 0.00000
==> val epoch 385 avg loss: 0.01150 avg lploss: 0.00000
==> test epoch 385 avg loss: 0.01033 avg lploss: 0.00000
*** Best Val Loss: 0.01145 	 Best Test Loss: 0.01026 	 Best epoch 380
EarlyStopping counter: 1 out of 50
train epoch 386 avg loss: 0.01098 avg lploss: 0.00000
train epoch 387 avg loss: 0.01089 avg lploss: 0.00000
train epoch 388 avg loss: 0.01084 avg lploss: 0.00000
train epoch 389 avg loss: 0.01090 avg lploss: 0.00000
train epoch 390 avg loss: 0.01137 avg lploss: 0.00000
==> val epoch 390 avg loss: 0.01190 avg lploss: 0.00000
==> test epoch 390 avg loss: 0.01068 avg lploss: 0.00000
*** Best Val Loss: 0.01145 	 Best Test Loss: 0.01026 	 Best epoch 380
EarlyStopping counter: 2 out of 50
train epoch 391 avg loss: 0.01113 avg lploss: 0.00000
train epoch 392 avg loss: 0.01096 avg lploss: 0.00000
train epoch 393 avg loss: 0.01089 avg lploss: 0.00000
train epoch 394 avg loss: 0.01085 avg lploss: 0.00000
train epoch 395 avg loss: 0.01085 avg lploss: 0.00000
==> val epoch 395 avg loss: 0.01151 avg lploss: 0.00000
==> test epoch 395 avg loss: 0.01047 avg lploss: 0.00000
*** Best Val Loss: 0.01145 	 Best Test Loss: 0.01026 	 Best epoch 380
EarlyStopping counter: 3 out of 50
train epoch 396 avg loss: 0.01085 avg lploss: 0.00000
train epoch 397 avg loss: 0.01078 avg lploss: 0.00000
train epoch 398 avg loss: 0.01069 avg lploss: 0.00000
train epoch 399 avg loss: 0.01078 avg lploss: 0.00000
train epoch 400 avg loss: 0.01071 avg lploss: 0.00000
==> val epoch 400 avg loss: 0.01136 avg lploss: 0.00000
==> test epoch 400 avg loss: 0.01021 avg lploss: 0.00000
*** Best Val Loss: 0.01136 	 Best Test Loss: 0.01021 	 Best epoch 400
Validation loss decreased (0.011446 --> 0.011359).  Saving model ...
train epoch 401 avg loss: 0.01070 avg lploss: 0.00000
train epoch 402 avg loss: 0.01071 avg lploss: 0.00000
train epoch 403 avg loss: 0.01066 avg lploss: 0.00000
train epoch 404 avg loss: 0.01070 avg lploss: 0.00000
train epoch 405 avg loss: 0.01078 avg lploss: 0.00000
==> val epoch 405 avg loss: 0.01129 avg lploss: 0.00000
==> test epoch 405 avg loss: 0.01014 avg lploss: 0.00000
*** Best Val Loss: 0.01129 	 Best Test Loss: 0.01014 	 Best epoch 405
Validation loss decreased (0.011359 --> 0.011295).  Saving model ...
train epoch 406 avg loss: 0.01076 avg lploss: 0.00000
train epoch 407 avg loss: 0.01069 avg lploss: 0.00000
train epoch 408 avg loss: 0.01064 avg lploss: 0.00000
train epoch 409 avg loss: 0.01064 avg lploss: 0.00000
train epoch 410 avg loss: 0.01063 avg lploss: 0.00000
==> val epoch 410 avg loss: 0.01148 avg lploss: 0.00000
==> test epoch 410 avg loss: 0.01040 avg lploss: 0.00000
*** Best Val Loss: 0.01129 	 Best Test Loss: 0.01014 	 Best epoch 405
EarlyStopping counter: 1 out of 50
train epoch 411 avg loss: 0.01067 avg lploss: 0.00000
train epoch 412 avg loss: 0.01068 avg lploss: 0.00000
train epoch 413 avg loss: 0.01073 avg lploss: 0.00000
train epoch 414 avg loss: 0.01069 avg lploss: 0.00000
train epoch 415 avg loss: 0.01113 avg lploss: 0.00000
==> val epoch 415 avg loss: 0.01164 avg lploss: 0.00000
==> test epoch 415 avg loss: 0.01058 avg lploss: 0.00000
*** Best Val Loss: 0.01129 	 Best Test Loss: 0.01014 	 Best epoch 405
EarlyStopping counter: 2 out of 50
train epoch 416 avg loss: 0.01105 avg lploss: 0.00000
train epoch 417 avg loss: 0.01114 avg lploss: 0.00000
train epoch 418 avg loss: 0.01143 avg lploss: 0.00000
train epoch 419 avg loss: 0.01099 avg lploss: 0.00000
train epoch 420 avg loss: 0.01073 avg lploss: 0.00000
==> val epoch 420 avg loss: 0.01128 avg lploss: 0.00000
==> test epoch 420 avg loss: 0.01039 avg lploss: 0.00000
*** Best Val Loss: 0.01128 	 Best Test Loss: 0.01039 	 Best epoch 420
Validation loss decreased (0.011295 --> 0.011278).  Saving model ...
train epoch 421 avg loss: 0.01068 avg lploss: 0.00000
train epoch 422 avg loss: 0.01056 avg lploss: 0.00000
train epoch 423 avg loss: 0.01074 avg lploss: 0.00000
train epoch 424 avg loss: 0.01061 avg lploss: 0.00000
train epoch 425 avg loss: 0.01051 avg lploss: 0.00000
==> val epoch 425 avg loss: 0.01134 avg lploss: 0.00000
==> test epoch 425 avg loss: 0.01017 avg lploss: 0.00000
*** Best Val Loss: 0.01128 	 Best Test Loss: 0.01039 	 Best epoch 420
EarlyStopping counter: 1 out of 50
train epoch 426 avg loss: 0.01054 avg lploss: 0.00000
train epoch 427 avg loss: 0.01049 avg lploss: 0.00000
train epoch 428 avg loss: 0.01060 avg lploss: 0.00000
train epoch 429 avg loss: 0.01045 avg lploss: 0.00000
train epoch 430 avg loss: 0.01059 avg lploss: 0.00000
==> val epoch 430 avg loss: 0.01120 avg lploss: 0.00000
==> test epoch 430 avg loss: 0.01015 avg lploss: 0.00000
*** Best Val Loss: 0.01120 	 Best Test Loss: 0.01015 	 Best epoch 430
Validation loss decreased (0.011278 --> 0.011202).  Saving model ...
train epoch 431 avg loss: 0.01050 avg lploss: 0.00000
train epoch 432 avg loss: 0.01047 avg lploss: 0.00000
train epoch 433 avg loss: 0.01054 avg lploss: 0.00000
train epoch 434 avg loss: 0.01045 avg lploss: 0.00000
train epoch 435 avg loss: 0.01048 avg lploss: 0.00000
==> val epoch 435 avg loss: 0.01125 avg lploss: 0.00000
==> test epoch 435 avg loss: 0.01013 avg lploss: 0.00000
*** Best Val Loss: 0.01120 	 Best Test Loss: 0.01015 	 Best epoch 430
EarlyStopping counter: 1 out of 50
train epoch 436 avg loss: 0.01047 avg lploss: 0.00000
train epoch 437 avg loss: 0.01064 avg lploss: 0.00000
train epoch 438 avg loss: 0.01060 avg lploss: 0.00000
train epoch 439 avg loss: 0.01071 avg lploss: 0.00000
train epoch 440 avg loss: 0.01066 avg lploss: 0.00000
==> val epoch 440 avg loss: 0.01144 avg lploss: 0.00000
==> test epoch 440 avg loss: 0.01031 avg lploss: 0.00000
*** Best Val Loss: 0.01120 	 Best Test Loss: 0.01015 	 Best epoch 430
EarlyStopping counter: 2 out of 50
train epoch 441 avg loss: 0.01059 avg lploss: 0.00000
train epoch 442 avg loss: 0.01045 avg lploss: 0.00000
train epoch 443 avg loss: 0.01035 avg lploss: 0.00000
train epoch 444 avg loss: 0.01035 avg lploss: 0.00000
train epoch 445 avg loss: 0.01036 avg lploss: 0.00000
==> val epoch 445 avg loss: 0.01125 avg lploss: 0.00000
==> test epoch 445 avg loss: 0.01011 avg lploss: 0.00000
*** Best Val Loss: 0.01120 	 Best Test Loss: 0.01015 	 Best epoch 430
EarlyStopping counter: 3 out of 50
train epoch 446 avg loss: 0.01028 avg lploss: 0.00000
train epoch 447 avg loss: 0.01032 avg lploss: 0.00000
train epoch 448 avg loss: 0.01056 avg lploss: 0.00000
train epoch 449 avg loss: 0.01033 avg lploss: 0.00000
train epoch 450 avg loss: 0.01045 avg lploss: 0.00000
==> val epoch 450 avg loss: 0.01118 avg lploss: 0.00000
==> test epoch 450 avg loss: 0.01005 avg lploss: 0.00000
*** Best Val Loss: 0.01118 	 Best Test Loss: 0.01005 	 Best epoch 450
Validation loss decreased (0.011202 --> 0.011183).  Saving model ...
train epoch 451 avg loss: 0.01041 avg lploss: 0.00000
train epoch 452 avg loss: 0.01024 avg lploss: 0.00000
train epoch 453 avg loss: 0.01044 avg lploss: 0.00000
train epoch 454 avg loss: 0.01047 avg lploss: 0.00000
train epoch 455 avg loss: 0.01043 avg lploss: 0.00000
==> val epoch 455 avg loss: 0.01119 avg lploss: 0.00000
==> test epoch 455 avg loss: 0.01002 avg lploss: 0.00000
*** Best Val Loss: 0.01118 	 Best Test Loss: 0.01005 	 Best epoch 450
EarlyStopping counter: 1 out of 50
train epoch 456 avg loss: 0.01042 avg lploss: 0.00000
train epoch 457 avg loss: 0.01056 avg lploss: 0.00000
train epoch 458 avg loss: 0.01045 avg lploss: 0.00000
train epoch 459 avg loss: 0.01040 avg lploss: 0.00000
train epoch 460 avg loss: 0.01038 avg lploss: 0.00000
==> val epoch 460 avg loss: 0.01146 avg lploss: 0.00000
==> test epoch 460 avg loss: 0.01030 avg lploss: 0.00000
*** Best Val Loss: 0.01118 	 Best Test Loss: 0.01005 	 Best epoch 450
EarlyStopping counter: 2 out of 50
train epoch 461 avg loss: 0.01042 avg lploss: 0.00000
train epoch 462 avg loss: 0.01029 avg lploss: 0.00000
train epoch 463 avg loss: 0.01025 avg lploss: 0.00000
train epoch 464 avg loss: 0.01018 avg lploss: 0.00000
train epoch 465 avg loss: 0.01029 avg lploss: 0.00000
==> val epoch 465 avg loss: 0.01113 avg lploss: 0.00000
==> test epoch 465 avg loss: 0.00992 avg lploss: 0.00000
*** Best Val Loss: 0.01113 	 Best Test Loss: 0.00992 	 Best epoch 465
Validation loss decreased (0.011183 --> 0.011131).  Saving model ...
train epoch 466 avg loss: 0.01026 avg lploss: 0.00000
train epoch 467 avg loss: 0.01022 avg lploss: 0.00000
train epoch 468 avg loss: 0.01026 avg lploss: 0.00000
train epoch 469 avg loss: 0.01021 avg lploss: 0.00000
train epoch 470 avg loss: 0.01019 avg lploss: 0.00000
==> val epoch 470 avg loss: 0.01114 avg lploss: 0.00000
==> test epoch 470 avg loss: 0.01003 avg lploss: 0.00000
*** Best Val Loss: 0.01113 	 Best Test Loss: 0.00992 	 Best epoch 465
EarlyStopping counter: 1 out of 50
train epoch 471 avg loss: 0.01016 avg lploss: 0.00000
train epoch 472 avg loss: 0.01016 avg lploss: 0.00000
train epoch 473 avg loss: 0.01015 avg lploss: 0.00000
train epoch 474 avg loss: 0.01016 avg lploss: 0.00000
train epoch 475 avg loss: 0.01028 avg lploss: 0.00000
==> val epoch 475 avg loss: 0.01106 avg lploss: 0.00000
==> test epoch 475 avg loss: 0.00995 avg lploss: 0.00000
*** Best Val Loss: 0.01106 	 Best Test Loss: 0.00995 	 Best epoch 475
Validation loss decreased (0.011131 --> 0.011059).  Saving model ...
train epoch 476 avg loss: 0.01017 avg lploss: 0.00000
train epoch 477 avg loss: 0.01019 avg lploss: 0.00000
train epoch 478 avg loss: 0.01027 avg lploss: 0.00000
train epoch 479 avg loss: 0.01036 avg lploss: 0.00000
train epoch 480 avg loss: 0.01028 avg lploss: 0.00000
==> val epoch 480 avg loss: 0.01112 avg lploss: 0.00000
==> test epoch 480 avg loss: 0.01020 avg lploss: 0.00000
*** Best Val Loss: 0.01106 	 Best Test Loss: 0.00995 	 Best epoch 475
EarlyStopping counter: 1 out of 50
train epoch 481 avg loss: 0.01014 avg lploss: 0.00000
train epoch 482 avg loss: 0.01010 avg lploss: 0.00000
train epoch 483 avg loss: 0.01004 avg lploss: 0.00000
train epoch 484 avg loss: 0.01004 avg lploss: 0.00000
train epoch 485 avg loss: 0.01014 avg lploss: 0.00000
==> val epoch 485 avg loss: 0.01107 avg lploss: 0.00000
==> test epoch 485 avg loss: 0.00991 avg lploss: 0.00000
*** Best Val Loss: 0.01106 	 Best Test Loss: 0.00995 	 Best epoch 475
EarlyStopping counter: 2 out of 50
train epoch 486 avg loss: 0.01013 avg lploss: 0.00000
train epoch 487 avg loss: 0.01017 avg lploss: 0.00000
train epoch 488 avg loss: 0.01035 avg lploss: 0.00000
train epoch 489 avg loss: 0.01026 avg lploss: 0.00000
train epoch 490 avg loss: 0.01012 avg lploss: 0.00000
==> val epoch 490 avg loss: 0.01106 avg lploss: 0.00000
==> test epoch 490 avg loss: 0.00993 avg lploss: 0.00000
*** Best Val Loss: 0.01106 	 Best Test Loss: 0.00995 	 Best epoch 475
EarlyStopping counter: 3 out of 50
train epoch 491 avg loss: 0.01009 avg lploss: 0.00000
train epoch 492 avg loss: 0.01026 avg lploss: 0.00000
train epoch 493 avg loss: 0.01046 avg lploss: 0.00000
train epoch 494 avg loss: 0.01038 avg lploss: 0.00000
train epoch 495 avg loss: 0.01002 avg lploss: 0.00000
==> val epoch 495 avg loss: 0.01106 avg lploss: 0.00000
==> test epoch 495 avg loss: 0.00997 avg lploss: 0.00000
*** Best Val Loss: 0.01106 	 Best Test Loss: 0.00997 	 Best epoch 495
Validation loss decreased (0.011059 --> 0.011059).  Saving model ...
train epoch 496 avg loss: 0.00998 avg lploss: 0.00000
train epoch 497 avg loss: 0.00998 avg lploss: 0.00000
train epoch 498 avg loss: 0.01000 avg lploss: 0.00000
train epoch 499 avg loss: 0.01022 avg lploss: 0.00000
train epoch 500 avg loss: 0.01047 avg lploss: 0.00000
==> val epoch 500 avg loss: 0.01157 avg lploss: 0.00000
==> test epoch 500 avg loss: 0.01044 avg lploss: 0.00000
*** Best Val Loss: 0.01106 	 Best Test Loss: 0.00997 	 Best epoch 495
EarlyStopping counter: 1 out of 50
train epoch 501 avg loss: 0.01035 avg lploss: 0.00000
train epoch 502 avg loss: 0.01069 avg lploss: 0.00000
train epoch 503 avg loss: 0.01086 avg lploss: 0.00000
train epoch 504 avg loss: 0.01073 avg lploss: 0.00000
train epoch 505 avg loss: 0.01029 avg lploss: 0.00000
==> val epoch 505 avg loss: 0.01124 avg lploss: 0.00000
==> test epoch 505 avg loss: 0.01036 avg lploss: 0.00000
*** Best Val Loss: 0.01106 	 Best Test Loss: 0.00997 	 Best epoch 495
EarlyStopping counter: 2 out of 50
train epoch 506 avg loss: 0.01022 avg lploss: 0.00000
train epoch 507 avg loss: 0.01036 avg lploss: 0.00000
train epoch 508 avg loss: 0.01033 avg lploss: 0.00000
train epoch 509 avg loss: 0.01008 avg lploss: 0.00000
train epoch 510 avg loss: 0.00995 avg lploss: 0.00000
==> val epoch 510 avg loss: 0.01090 avg lploss: 0.00000
==> test epoch 510 avg loss: 0.00979 avg lploss: 0.00000
*** Best Val Loss: 0.01090 	 Best Test Loss: 0.00979 	 Best epoch 510
Validation loss decreased (0.011059 --> 0.010903).  Saving model ...
train epoch 511 avg loss: 0.00994 avg lploss: 0.00000
train epoch 512 avg loss: 0.01007 avg lploss: 0.00000
train epoch 513 avg loss: 0.01010 avg lploss: 0.00000
train epoch 514 avg loss: 0.00991 avg lploss: 0.00000
train epoch 515 avg loss: 0.00993 avg lploss: 0.00000
==> val epoch 515 avg loss: 0.01157 avg lploss: 0.00000
==> test epoch 515 avg loss: 0.01046 avg lploss: 0.00000
*** Best Val Loss: 0.01090 	 Best Test Loss: 0.00979 	 Best epoch 510
EarlyStopping counter: 1 out of 50
train epoch 516 avg loss: 0.01018 avg lploss: 0.00000
train epoch 517 avg loss: 0.01012 avg lploss: 0.00000
train epoch 518 avg loss: 0.00993 avg lploss: 0.00000
train epoch 519 avg loss: 0.00989 avg lploss: 0.00000
train epoch 520 avg loss: 0.01002 avg lploss: 0.00000
==> val epoch 520 avg loss: 0.01082 avg lploss: 0.00000
==> test epoch 520 avg loss: 0.00972 avg lploss: 0.00000
*** Best Val Loss: 0.01082 	 Best Test Loss: 0.00972 	 Best epoch 520
Validation loss decreased (0.010903 --> 0.010824).  Saving model ...
train epoch 521 avg loss: 0.01008 avg lploss: 0.00000
train epoch 522 avg loss: 0.00988 avg lploss: 0.00000
train epoch 523 avg loss: 0.00987 avg lploss: 0.00000
train epoch 524 avg loss: 0.00995 avg lploss: 0.00000
train epoch 525 avg loss: 0.00989 avg lploss: 0.00000
==> val epoch 525 avg loss: 0.01091 avg lploss: 0.00000
==> test epoch 525 avg loss: 0.00989 avg lploss: 0.00000
*** Best Val Loss: 0.01082 	 Best Test Loss: 0.00972 	 Best epoch 520
EarlyStopping counter: 1 out of 50
train epoch 526 avg loss: 0.00983 avg lploss: 0.00000
train epoch 527 avg loss: 0.00989 avg lploss: 0.00000
train epoch 528 avg loss: 0.00988 avg lploss: 0.00000
train epoch 529 avg loss: 0.00997 avg lploss: 0.00000
train epoch 530 avg loss: 0.00984 avg lploss: 0.00000
==> val epoch 530 avg loss: 0.01089 avg lploss: 0.00000
==> test epoch 530 avg loss: 0.00990 avg lploss: 0.00000
*** Best Val Loss: 0.01082 	 Best Test Loss: 0.00972 	 Best epoch 520
EarlyStopping counter: 2 out of 50
train epoch 531 avg loss: 0.00981 avg lploss: 0.00000
train epoch 532 avg loss: 0.00974 avg lploss: 0.00000
train epoch 533 avg loss: 0.00991 avg lploss: 0.00000
train epoch 534 avg loss: 0.00989 avg lploss: 0.00000
train epoch 535 avg loss: 0.00986 avg lploss: 0.00000
==> val epoch 535 avg loss: 0.01092 avg lploss: 0.00000
==> test epoch 535 avg loss: 0.00993 avg lploss: 0.00000
*** Best Val Loss: 0.01082 	 Best Test Loss: 0.00972 	 Best epoch 520
EarlyStopping counter: 3 out of 50
train epoch 536 avg loss: 0.00981 avg lploss: 0.00000
train epoch 537 avg loss: 0.01002 avg lploss: 0.00000
train epoch 538 avg loss: 0.01024 avg lploss: 0.00000
train epoch 539 avg loss: 0.01012 avg lploss: 0.00000
train epoch 540 avg loss: 0.00971 avg lploss: 0.00000
==> val epoch 540 avg loss: 0.01079 avg lploss: 0.00000
==> test epoch 540 avg loss: 0.00976 avg lploss: 0.00000
*** Best Val Loss: 0.01079 	 Best Test Loss: 0.00976 	 Best epoch 540
Validation loss decreased (0.010824 --> 0.010790).  Saving model ...
train epoch 541 avg loss: 0.00989 avg lploss: 0.00000
train epoch 542 avg loss: 0.00991 avg lploss: 0.00000
train epoch 543 avg loss: 0.00979 avg lploss: 0.00000
train epoch 544 avg loss: 0.00975 avg lploss: 0.00000
train epoch 545 avg loss: 0.00975 avg lploss: 0.00000
==> val epoch 545 avg loss: 0.01082 avg lploss: 0.00000
==> test epoch 545 avg loss: 0.00981 avg lploss: 0.00000
*** Best Val Loss: 0.01079 	 Best Test Loss: 0.00976 	 Best epoch 540
EarlyStopping counter: 1 out of 50
train epoch 546 avg loss: 0.00978 avg lploss: 0.00000
train epoch 547 avg loss: 0.00991 avg lploss: 0.00000
train epoch 548 avg loss: 0.01039 avg lploss: 0.00000
train epoch 549 avg loss: 0.01006 avg lploss: 0.00000
train epoch 550 avg loss: 0.00991 avg lploss: 0.00000
==> val epoch 550 avg loss: 0.01089 avg lploss: 0.00000
==> test epoch 550 avg loss: 0.00986 avg lploss: 0.00000
*** Best Val Loss: 0.01079 	 Best Test Loss: 0.00976 	 Best epoch 540
EarlyStopping counter: 2 out of 50
train epoch 551 avg loss: 0.01008 avg lploss: 0.00000
train epoch 552 avg loss: 0.01002 avg lploss: 0.00000
train epoch 553 avg loss: 0.00976 avg lploss: 0.00000
train epoch 554 avg loss: 0.00976 avg lploss: 0.00000
train epoch 555 avg loss: 0.00966 avg lploss: 0.00000
==> val epoch 555 avg loss: 0.01077 avg lploss: 0.00000
==> test epoch 555 avg loss: 0.00969 avg lploss: 0.00000
*** Best Val Loss: 0.01077 	 Best Test Loss: 0.00969 	 Best epoch 555
Validation loss decreased (0.010790 --> 0.010766).  Saving model ...
train epoch 556 avg loss: 0.00965 avg lploss: 0.00000
train epoch 557 avg loss: 0.00978 avg lploss: 0.00000
train epoch 558 avg loss: 0.00984 avg lploss: 0.00000
train epoch 559 avg loss: 0.00961 avg lploss: 0.00000
train epoch 560 avg loss: 0.00964 avg lploss: 0.00000
==> val epoch 560 avg loss: 0.01088 avg lploss: 0.00000
==> test epoch 560 avg loss: 0.00981 avg lploss: 0.00000
*** Best Val Loss: 0.01077 	 Best Test Loss: 0.00969 	 Best epoch 555
EarlyStopping counter: 1 out of 50
train epoch 561 avg loss: 0.00982 avg lploss: 0.00000
train epoch 562 avg loss: 0.00968 avg lploss: 0.00000
train epoch 563 avg loss: 0.00959 avg lploss: 0.00000
train epoch 564 avg loss: 0.00961 avg lploss: 0.00000
train epoch 565 avg loss: 0.00962 avg lploss: 0.00000
==> val epoch 565 avg loss: 0.01084 avg lploss: 0.00000
==> test epoch 565 avg loss: 0.00977 avg lploss: 0.00000
*** Best Val Loss: 0.01077 	 Best Test Loss: 0.00969 	 Best epoch 555
EarlyStopping counter: 2 out of 50
train epoch 566 avg loss: 0.00967 avg lploss: 0.00000
train epoch 567 avg loss: 0.00961 avg lploss: 0.00000
train epoch 568 avg loss: 0.00960 avg lploss: 0.00000
train epoch 569 avg loss: 0.00963 avg lploss: 0.00000
train epoch 570 avg loss: 0.00959 avg lploss: 0.00000
==> val epoch 570 avg loss: 0.01071 avg lploss: 0.00000
==> test epoch 570 avg loss: 0.00960 avg lploss: 0.00000
*** Best Val Loss: 0.01071 	 Best Test Loss: 0.00960 	 Best epoch 570
Validation loss decreased (0.010766 --> 0.010715).  Saving model ...
train epoch 571 avg loss: 0.00971 avg lploss: 0.00000
train epoch 572 avg loss: 0.00963 avg lploss: 0.00000
train epoch 573 avg loss: 0.00982 avg lploss: 0.00000
train epoch 574 avg loss: 0.00978 avg lploss: 0.00000
train epoch 575 avg loss: 0.00969 avg lploss: 0.00000
==> val epoch 575 avg loss: 0.01093 avg lploss: 0.00000
==> test epoch 575 avg loss: 0.00987 avg lploss: 0.00000
*** Best Val Loss: 0.01071 	 Best Test Loss: 0.00960 	 Best epoch 570
EarlyStopping counter: 1 out of 50
train epoch 576 avg loss: 0.00974 avg lploss: 0.00000
train epoch 577 avg loss: 0.00966 avg lploss: 0.00000
train epoch 578 avg loss: 0.00955 avg lploss: 0.00000
train epoch 579 avg loss: 0.00947 avg lploss: 0.00000
train epoch 580 avg loss: 0.00972 avg lploss: 0.00000
==> val epoch 580 avg loss: 0.01087 avg lploss: 0.00000
==> test epoch 580 avg loss: 0.00980 avg lploss: 0.00000
*** Best Val Loss: 0.01071 	 Best Test Loss: 0.00960 	 Best epoch 570
EarlyStopping counter: 2 out of 50
train epoch 581 avg loss: 0.00965 avg lploss: 0.00000
train epoch 582 avg loss: 0.00948 avg lploss: 0.00000
train epoch 583 avg loss: 0.00960 avg lploss: 0.00000
train epoch 584 avg loss: 0.00954 avg lploss: 0.00000
train epoch 585 avg loss: 0.00955 avg lploss: 0.00000
==> val epoch 585 avg loss: 0.01075 avg lploss: 0.00000
==> test epoch 585 avg loss: 0.00976 avg lploss: 0.00000
*** Best Val Loss: 0.01071 	 Best Test Loss: 0.00960 	 Best epoch 570
EarlyStopping counter: 3 out of 50
train epoch 586 avg loss: 0.01024 avg lploss: 0.00000
train epoch 587 avg loss: 0.01016 avg lploss: 0.00000
train epoch 588 avg loss: 0.01014 avg lploss: 0.00000
train epoch 589 avg loss: 0.01020 avg lploss: 0.00000
train epoch 590 avg loss: 0.01163 avg lploss: 0.00000
==> val epoch 590 avg loss: 0.01454 avg lploss: 0.00000
==> test epoch 590 avg loss: 0.02108 avg lploss: 0.00000
*** Best Val Loss: 0.01071 	 Best Test Loss: 0.00960 	 Best epoch 570
EarlyStopping counter: 4 out of 50
train epoch 591 avg loss: 0.01322 avg lploss: 0.00000
train epoch 592 avg loss: 0.03041 avg lploss: 0.00000
train epoch 593 avg loss: 0.04833 avg lploss: 0.00000
train epoch 594 avg loss: 1.57097 avg lploss: 0.00000
train epoch 595 avg loss: 0.05627 avg lploss: 0.00000
==> val epoch 595 avg loss: 0.04734 avg lploss: 0.00000
==> test epoch 595 avg loss: 14.39155 avg lploss: 0.00000
*** Best Val Loss: 0.01071 	 Best Test Loss: 0.00960 	 Best epoch 570
EarlyStopping counter: 5 out of 50
train epoch 596 avg loss: 0.05151 avg lploss: 0.00000
train epoch 597 avg loss: 2.80919 avg lploss: 0.00000
train epoch 598 avg loss: 0.21015 avg lploss: 0.00000
train epoch 599 avg loss: 0.25789 avg lploss: 0.00000
train epoch 600 avg loss: 0.09197 avg lploss: 0.00000
==> val epoch 600 avg loss: 0.05903 avg lploss: 0.00000
==> test epoch 600 avg loss: 3.74411 avg lploss: 0.00000
*** Best Val Loss: 0.01071 	 Best Test Loss: 0.00960 	 Best epoch 570
EarlyStopping counter: 6 out of 50
train epoch 601 avg loss: 0.07146 avg lploss: 0.00000
train epoch 602 avg loss: 5.34915 avg lploss: 0.00000
train epoch 603 avg loss: 0.22827 avg lploss: 0.00000
train epoch 604 avg loss: 0.03568 avg lploss: 0.00000
train epoch 605 avg loss: 0.02021 avg lploss: 0.00000
==> val epoch 605 avg loss: 0.01804 avg lploss: 0.00000
==> test epoch 605 avg loss: 0.03991 avg lploss: 0.00000
*** Best Val Loss: 0.01071 	 Best Test Loss: 0.00960 	 Best epoch 570
EarlyStopping counter: 7 out of 50
train epoch 606 avg loss: 0.01926 avg lploss: 0.00000
train epoch 607 avg loss: 0.01835 avg lploss: 0.00000
train epoch 608 avg loss: 0.01752 avg lploss: 0.00000
train epoch 609 avg loss: 0.01738 avg lploss: 0.00000
train epoch 610 avg loss: 0.01727 avg lploss: 0.00000
==> val epoch 610 avg loss: 0.01623 avg lploss: 0.00000
==> test epoch 610 avg loss: 0.03837 avg lploss: 0.00000
*** Best Val Loss: 0.01071 	 Best Test Loss: 0.00960 	 Best epoch 570
EarlyStopping counter: 8 out of 50
train epoch 611 avg loss: 0.01701 avg lploss: 0.00000
train epoch 612 avg loss: 0.01682 avg lploss: 0.00000
train epoch 613 avg loss: 0.01665 avg lploss: 0.00000
train epoch 614 avg loss: 0.01641 avg lploss: 0.00000
train epoch 615 avg loss: 0.01626 avg lploss: 0.00000
==> val epoch 615 avg loss: 0.01549 avg lploss: 0.00000
==> test epoch 615 avg loss: 0.03474 avg lploss: 0.00000
*** Best Val Loss: 0.01071 	 Best Test Loss: 0.00960 	 Best epoch 570
EarlyStopping counter: 9 out of 50
train epoch 616 avg loss: 0.01609 avg lploss: 0.00000
train epoch 617 avg loss: 0.01593 avg lploss: 0.00000
train epoch 618 avg loss: 0.01581 avg lploss: 0.00000
train epoch 619 avg loss: 0.01564 avg lploss: 0.00000
train epoch 620 avg loss: 0.01545 avg lploss: 0.00000
==> val epoch 620 avg loss: 0.01484 avg lploss: 0.00000
==> test epoch 620 avg loss: 0.03149 avg lploss: 0.00000
*** Best Val Loss: 0.01071 	 Best Test Loss: 0.00960 	 Best epoch 570
EarlyStopping counter: 10 out of 50
train epoch 621 avg loss: 0.01530 avg lploss: 0.00000
train epoch 622 avg loss: 0.01516 avg lploss: 0.00000
train epoch 623 avg loss: 0.01501 avg lploss: 0.00000
train epoch 624 avg loss: 0.01492 avg lploss: 0.00000
train epoch 625 avg loss: 0.01469 avg lploss: 0.00000
==> val epoch 625 avg loss: 0.01421 avg lploss: 0.00000
==> test epoch 625 avg loss: 0.02737 avg lploss: 0.00000
*** Best Val Loss: 0.01071 	 Best Test Loss: 0.00960 	 Best epoch 570
EarlyStopping counter: 11 out of 50
train epoch 626 avg loss: 0.01461 avg lploss: 0.00000
train epoch 627 avg loss: 0.01450 avg lploss: 0.00000
train epoch 628 avg loss: 0.01434 avg lploss: 0.00000
train epoch 629 avg loss: 0.01420 avg lploss: 0.00000
train epoch 630 avg loss: 0.01406 avg lploss: 0.00000
==> val epoch 630 avg loss: 0.01374 avg lploss: 0.00000
==> test epoch 630 avg loss: 0.02388 avg lploss: 0.00000
*** Best Val Loss: 0.01071 	 Best Test Loss: 0.00960 	 Best epoch 570
EarlyStopping counter: 12 out of 50
train epoch 631 avg loss: 0.01391 avg lploss: 0.00000
train epoch 632 avg loss: 0.01381 avg lploss: 0.00000
train epoch 633 avg loss: 0.01366 avg lploss: 0.00000
train epoch 634 avg loss: 0.01356 avg lploss: 0.00000
train epoch 635 avg loss: 0.01341 avg lploss: 0.00000
==> val epoch 635 avg loss: 0.01327 avg lploss: 0.00000
==> test epoch 635 avg loss: 0.02076 avg lploss: 0.00000
*** Best Val Loss: 0.01071 	 Best Test Loss: 0.00960 	 Best epoch 570
EarlyStopping counter: 13 out of 50
train epoch 636 avg loss: 0.01332 avg lploss: 0.00000
train epoch 637 avg loss: 0.01321 avg lploss: 0.00000
train epoch 638 avg loss: 0.01305 avg lploss: 0.00000
train epoch 639 avg loss: 0.01300 avg lploss: 0.00000
train epoch 640 avg loss: 0.01285 avg lploss: 0.00000
==> val epoch 640 avg loss: 0.01286 avg lploss: 0.00000
==> test epoch 640 avg loss: 0.01935 avg lploss: 0.00000
*** Best Val Loss: 0.01071 	 Best Test Loss: 0.00960 	 Best epoch 570
EarlyStopping counter: 14 out of 50
train epoch 641 avg loss: 0.01283 avg lploss: 0.00000
train epoch 642 avg loss: 0.01272 avg lploss: 0.00000
train epoch 643 avg loss: 0.01258 avg lploss: 0.00000
train epoch 644 avg loss: 0.01257 avg lploss: 0.00000
train epoch 645 avg loss: 0.01240 avg lploss: 0.00000
==> val epoch 645 avg loss: 0.01256 avg lploss: 0.00000
==> test epoch 645 avg loss: 0.01849 avg lploss: 0.00000
*** Best Val Loss: 0.01071 	 Best Test Loss: 0.00960 	 Best epoch 570
EarlyStopping counter: 15 out of 50
train epoch 646 avg loss: 0.01245 avg lploss: 0.00000
train epoch 647 avg loss: 0.01226 avg lploss: 0.00000
train epoch 648 avg loss: 0.01220 avg lploss: 0.00000
train epoch 649 avg loss: 0.01217 avg lploss: 0.00000
train epoch 650 avg loss: 0.01211 avg lploss: 0.00000
==> val epoch 650 avg loss: 0.01231 avg lploss: 0.00000
==> test epoch 650 avg loss: 0.01775 avg lploss: 0.00000
*** Best Val Loss: 0.01071 	 Best Test Loss: 0.00960 	 Best epoch 570
EarlyStopping counter: 16 out of 50
train epoch 651 avg loss: 0.01201 avg lploss: 0.00000
train epoch 652 avg loss: 0.01198 avg lploss: 0.00000
train epoch 653 avg loss: 0.01189 avg lploss: 0.00000
train epoch 654 avg loss: 0.01186 avg lploss: 0.00000
train epoch 655 avg loss: 0.01182 avg lploss: 0.00000
==> val epoch 655 avg loss: 0.01212 avg lploss: 0.00000
==> test epoch 655 avg loss: 0.01723 avg lploss: 0.00000
*** Best Val Loss: 0.01071 	 Best Test Loss: 0.00960 	 Best epoch 570
EarlyStopping counter: 17 out of 50
train epoch 656 avg loss: 0.01174 avg lploss: 0.00000
train epoch 657 avg loss: 0.01175 avg lploss: 0.00000
train epoch 658 avg loss: 0.01165 avg lploss: 0.00000
train epoch 659 avg loss: 0.01162 avg lploss: 0.00000
train epoch 660 avg loss: 0.01155 avg lploss: 0.00000
==> val epoch 660 avg loss: 0.01196 avg lploss: 0.00000
==> test epoch 660 avg loss: 0.01676 avg lploss: 0.00000
*** Best Val Loss: 0.01071 	 Best Test Loss: 0.00960 	 Best epoch 570
EarlyStopping counter: 18 out of 50
train epoch 661 avg loss: 0.01155 avg lploss: 0.00000
train epoch 662 avg loss: 0.01150 avg lploss: 0.00000
train epoch 663 avg loss: 0.01145 avg lploss: 0.00000
train epoch 664 avg loss: 0.01143 avg lploss: 0.00000
train epoch 665 avg loss: 0.01141 avg lploss: 0.00000
==> val epoch 665 avg loss: 0.01183 avg lploss: 0.00000
==> test epoch 665 avg loss: 0.01597 avg lploss: 0.00000
*** Best Val Loss: 0.01071 	 Best Test Loss: 0.00960 	 Best epoch 570
EarlyStopping counter: 19 out of 50
train epoch 666 avg loss: 0.01138 avg lploss: 0.00000
train epoch 667 avg loss: 0.01143 avg lploss: 0.00000
train epoch 668 avg loss: 0.01128 avg lploss: 0.00000
train epoch 669 avg loss: 0.01127 avg lploss: 0.00000
train epoch 670 avg loss: 0.01126 avg lploss: 0.00000
==> val epoch 670 avg loss: 0.01168 avg lploss: 0.00000
==> test epoch 670 avg loss: 0.01461 avg lploss: 0.00000
*** Best Val Loss: 0.01071 	 Best Test Loss: 0.00960 	 Best epoch 570
EarlyStopping counter: 20 out of 50
train epoch 671 avg loss: 0.01127 avg lploss: 0.00000
train epoch 672 avg loss: 0.01116 avg lploss: 0.00000
train epoch 673 avg loss: 0.01123 avg lploss: 0.00000
train epoch 674 avg loss: 0.01110 avg lploss: 0.00000
train epoch 675 avg loss: 0.01112 avg lploss: 0.00000
==> val epoch 675 avg loss: 0.01162 avg lploss: 0.00000
==> test epoch 675 avg loss: 0.01386 avg lploss: 0.00000
*** Best Val Loss: 0.01071 	 Best Test Loss: 0.00960 	 Best epoch 570
EarlyStopping counter: 21 out of 50
train epoch 676 avg loss: 0.01115 avg lploss: 0.00000
train epoch 677 avg loss: 0.01104 avg lploss: 0.00000
train epoch 678 avg loss: 0.01110 avg lploss: 0.00000
train epoch 679 avg loss: 0.01101 avg lploss: 0.00000
train epoch 680 avg loss: 0.01099 avg lploss: 0.00000
==> val epoch 680 avg loss: 0.01157 avg lploss: 0.00000
==> test epoch 680 avg loss: 0.01277 avg lploss: 0.00000
*** Best Val Loss: 0.01071 	 Best Test Loss: 0.00960 	 Best epoch 570
EarlyStopping counter: 22 out of 50
train epoch 681 avg loss: 0.01112 avg lploss: 0.00000
train epoch 682 avg loss: 0.01092 avg lploss: 0.00000
train epoch 683 avg loss: 0.01097 avg lploss: 0.00000
train epoch 684 avg loss: 0.01097 avg lploss: 0.00000
train epoch 685 avg loss: 0.01093 avg lploss: 0.00000
==> val epoch 685 avg loss: 0.01144 avg lploss: 0.00000
==> test epoch 685 avg loss: 0.01212 avg lploss: 0.00000
*** Best Val Loss: 0.01071 	 Best Test Loss: 0.00960 	 Best epoch 570
EarlyStopping counter: 23 out of 50
train epoch 686 avg loss: 0.01089 avg lploss: 0.00000
train epoch 687 avg loss: 0.01091 avg lploss: 0.00000
train epoch 688 avg loss: 0.01087 avg lploss: 0.00000
train epoch 689 avg loss: 0.01085 avg lploss: 0.00000
train epoch 690 avg loss: 0.01088 avg lploss: 0.00000
==> val epoch 690 avg loss: 0.01138 avg lploss: 0.00000
==> test epoch 690 avg loss: 0.01157 avg lploss: 0.00000
*** Best Val Loss: 0.01071 	 Best Test Loss: 0.00960 	 Best epoch 570
EarlyStopping counter: 24 out of 50
train epoch 691 avg loss: 0.01079 avg lploss: 0.00000
train epoch 692 avg loss: 0.01088 avg lploss: 0.00000
train epoch 693 avg loss: 0.01093 avg lploss: 0.00000
train epoch 694 avg loss: 0.01068 avg lploss: 0.00000
train epoch 695 avg loss: 0.01092 avg lploss: 0.00000
==> val epoch 695 avg loss: 0.01131 avg lploss: 0.00000
==> test epoch 695 avg loss: 0.01102 avg lploss: 0.00000
*** Best Val Loss: 0.01071 	 Best Test Loss: 0.00960 	 Best epoch 570
EarlyStopping counter: 25 out of 50
train epoch 696 avg loss: 0.01078 avg lploss: 0.00000
train epoch 697 avg loss: 0.01072 avg lploss: 0.00000
train epoch 698 avg loss: 0.01079 avg lploss: 0.00000
train epoch 699 avg loss: 0.01067 avg lploss: 0.00000
train epoch 700 avg loss: 0.01075 avg lploss: 0.00000
==> val epoch 700 avg loss: 0.01128 avg lploss: 0.00000
==> test epoch 700 avg loss: 0.01084 avg lploss: 0.00000
*** Best Val Loss: 0.01071 	 Best Test Loss: 0.00960 	 Best epoch 570
EarlyStopping counter: 26 out of 50
train epoch 701 avg loss: 0.01071 avg lploss: 0.00000
train epoch 702 avg loss: 0.01071 avg lploss: 0.00000
train epoch 703 avg loss: 0.01074 avg lploss: 0.00000
train epoch 704 avg loss: 0.01061 avg lploss: 0.00000
train epoch 705 avg loss: 0.01074 avg lploss: 0.00000
==> val epoch 705 avg loss: 0.01121 avg lploss: 0.00000
==> test epoch 705 avg loss: 0.01060 avg lploss: 0.00000
*** Best Val Loss: 0.01071 	 Best Test Loss: 0.00960 	 Best epoch 570
EarlyStopping counter: 27 out of 50
train epoch 706 avg loss: 0.01061 avg lploss: 0.00000
train epoch 707 avg loss: 0.01069 avg lploss: 0.00000
train epoch 708 avg loss: 0.01056 avg lploss: 0.00000
train epoch 709 avg loss: 0.01067 avg lploss: 0.00000
train epoch 710 avg loss: 0.01057 avg lploss: 0.00000
==> val epoch 710 avg loss: 0.01119 avg lploss: 0.00000
==> test epoch 710 avg loss: 0.01063 avg lploss: 0.00000
*** Best Val Loss: 0.01071 	 Best Test Loss: 0.00960 	 Best epoch 570
EarlyStopping counter: 28 out of 50
train epoch 711 avg loss: 0.01064 avg lploss: 0.00000
train epoch 712 avg loss: 0.01053 avg lploss: 0.00000
train epoch 713 avg loss: 0.01059 avg lploss: 0.00000
train epoch 714 avg loss: 0.01067 avg lploss: 0.00000
train epoch 715 avg loss: 0.01053 avg lploss: 0.00000
==> val epoch 715 avg loss: 0.01120 avg lploss: 0.00000
==> test epoch 715 avg loss: 0.01094 avg lploss: 0.00000
*** Best Val Loss: 0.01071 	 Best Test Loss: 0.00960 	 Best epoch 570
EarlyStopping counter: 29 out of 50
train epoch 716 avg loss: 0.01072 avg lploss: 0.00000
train epoch 717 avg loss: 0.01049 avg lploss: 0.00000
train epoch 718 avg loss: 0.01052 avg lploss: 0.00000
train epoch 719 avg loss: 0.01056 avg lploss: 0.00000
train epoch 720 avg loss: 0.01048 avg lploss: 0.00000
==> val epoch 720 avg loss: 0.01112 avg lploss: 0.00000
==> test epoch 720 avg loss: 0.01124 avg lploss: 0.00000
*** Best Val Loss: 0.01071 	 Best Test Loss: 0.00960 	 Best epoch 570
EarlyStopping counter: 30 out of 50
train epoch 721 avg loss: 0.01053 avg lploss: 0.00000
train epoch 722 avg loss: 0.01046 avg lploss: 0.00000
train epoch 723 avg loss: 0.01051 avg lploss: 0.00000
train epoch 724 avg loss: 0.01053 avg lploss: 0.00000
train epoch 725 avg loss: 0.01054 avg lploss: 0.00000
==> val epoch 725 avg loss: 0.01107 avg lploss: 0.00000
==> test epoch 725 avg loss: 0.01178 avg lploss: 0.00000
*** Best Val Loss: 0.01071 	 Best Test Loss: 0.00960 	 Best epoch 570
EarlyStopping counter: 31 out of 50
train epoch 726 avg loss: 0.01045 avg lploss: 0.00000
train epoch 727 avg loss: 0.01046 avg lploss: 0.00000
train epoch 728 avg loss: 0.01050 avg lploss: 0.00000
train epoch 729 avg loss: 0.01043 avg lploss: 0.00000
train epoch 730 avg loss: 0.01047 avg lploss: 0.00000
==> val epoch 730 avg loss: 0.01106 avg lploss: 0.00000
==> test epoch 730 avg loss: 0.01283 avg lploss: 0.00000
*** Best Val Loss: 0.01071 	 Best Test Loss: 0.00960 	 Best epoch 570
EarlyStopping counter: 32 out of 50
train epoch 731 avg loss: 0.01042 avg lploss: 0.00000
train epoch 732 avg loss: 0.01042 avg lploss: 0.00000
train epoch 733 avg loss: 0.01041 avg lploss: 0.00000
train epoch 734 avg loss: 0.01039 avg lploss: 0.00000
train epoch 735 avg loss: 0.01038 avg lploss: 0.00000
==> val epoch 735 avg loss: 0.01102 avg lploss: 0.00000
==> test epoch 735 avg loss: 0.01423 avg lploss: 0.00000
*** Best Val Loss: 0.01071 	 Best Test Loss: 0.00960 	 Best epoch 570
EarlyStopping counter: 33 out of 50
train epoch 736 avg loss: 0.01040 avg lploss: 0.00000
train epoch 737 avg loss: 0.01036 avg lploss: 0.00000
train epoch 738 avg loss: 0.01044 avg lploss: 0.00000
train epoch 739 avg loss: 0.01030 avg lploss: 0.00000
train epoch 740 avg loss: 0.01038 avg lploss: 0.00000
==> val epoch 740 avg loss: 0.01099 avg lploss: 0.00000
==> test epoch 740 avg loss: 0.01771 avg lploss: 0.00000
*** Best Val Loss: 0.01071 	 Best Test Loss: 0.00960 	 Best epoch 570
EarlyStopping counter: 34 out of 50
train epoch 741 avg loss: 0.01030 avg lploss: 0.00000
train epoch 742 avg loss: 0.01037 avg lploss: 0.00000
train epoch 743 avg loss: 0.01030 avg lploss: 0.00000
train epoch 744 avg loss: 0.01030 avg lploss: 0.00000
train epoch 745 avg loss: 0.01030 avg lploss: 0.00000
==> val epoch 745 avg loss: 0.01096 avg lploss: 0.00000
==> test epoch 745 avg loss: 0.02030 avg lploss: 0.00000
*** Best Val Loss: 0.01071 	 Best Test Loss: 0.00960 	 Best epoch 570
EarlyStopping counter: 35 out of 50
train epoch 746 avg loss: 0.01029 avg lploss: 0.00000
train epoch 747 avg loss: 0.01030 avg lploss: 0.00000
train epoch 748 avg loss: 0.01031 avg lploss: 0.00000
train epoch 749 avg loss: 0.01028 avg lploss: 0.00000
train epoch 750 avg loss: 0.01025 avg lploss: 0.00000
==> val epoch 750 avg loss: 0.01095 avg lploss: 0.00000
==> test epoch 750 avg loss: 0.02529 avg lploss: 0.00000
*** Best Val Loss: 0.01071 	 Best Test Loss: 0.00960 	 Best epoch 570
EarlyStopping counter: 36 out of 50
train epoch 751 avg loss: 0.01028 avg lploss: 0.00000
train epoch 752 avg loss: 0.01029 avg lploss: 0.00000
train epoch 753 avg loss: 0.01023 avg lploss: 0.00000
train epoch 754 avg loss: 0.01036 avg lploss: 0.00000
train epoch 755 avg loss: 0.01024 avg lploss: 0.00000
==> val epoch 755 avg loss: 0.01095 avg lploss: 0.00000
==> test epoch 755 avg loss: 0.03554 avg lploss: 0.00000
*** Best Val Loss: 0.01071 	 Best Test Loss: 0.00960 	 Best epoch 570
EarlyStopping counter: 37 out of 50
train epoch 756 avg loss: 0.01025 avg lploss: 0.00000
train epoch 757 avg loss: 0.01039 avg lploss: 0.00000
train epoch 758 avg loss: 0.01022 avg lploss: 0.00000
train epoch 759 avg loss: 0.01039 avg lploss: 0.00000
train epoch 760 avg loss: 0.01022 avg lploss: 0.00000
==> val epoch 760 avg loss: 0.01097 avg lploss: 0.00000
==> test epoch 760 avg loss: 0.02396 avg lploss: 0.00000
*** Best Val Loss: 0.01071 	 Best Test Loss: 0.00960 	 Best epoch 570
EarlyStopping counter: 38 out of 50
train epoch 761 avg loss: 0.01042 avg lploss: 0.00000
train epoch 762 avg loss: 0.01017 avg lploss: 0.00000
train epoch 763 avg loss: 0.01025 avg lploss: 0.00000
train epoch 764 avg loss: 0.01020 avg lploss: 0.00000
train epoch 765 avg loss: 0.01015 avg lploss: 0.00000
==> val epoch 765 avg loss: 0.01089 avg lploss: 0.00000
==> test epoch 765 avg loss: 0.02878 avg lploss: 0.00000
*** Best Val Loss: 0.01071 	 Best Test Loss: 0.00960 	 Best epoch 570
EarlyStopping counter: 39 out of 50
train epoch 766 avg loss: 0.01016 avg lploss: 0.00000
train epoch 767 avg loss: 0.01018 avg lploss: 0.00000
train epoch 768 avg loss: 0.01019 avg lploss: 0.00000
train epoch 769 avg loss: 0.01016 avg lploss: 0.00000
train epoch 770 avg loss: 0.01020 avg lploss: 0.00000
==> val epoch 770 avg loss: 0.01095 avg lploss: 0.00000
==> test epoch 770 avg loss: 0.03327 avg lploss: 0.00000
*** Best Val Loss: 0.01071 	 Best Test Loss: 0.00960 	 Best epoch 570
EarlyStopping counter: 40 out of 50
train epoch 771 avg loss: 0.01019 avg lploss: 0.00000
train epoch 772 avg loss: 0.01015 avg lploss: 0.00000
train epoch 773 avg loss: 0.01011 avg lploss: 0.00000
train epoch 774 avg loss: 0.01014 avg lploss: 0.00000
train epoch 775 avg loss: 0.01010 avg lploss: 0.00000
==> val epoch 775 avg loss: 0.01085 avg lploss: 0.00000
==> test epoch 775 avg loss: 0.03675 avg lploss: 0.00000
*** Best Val Loss: 0.01071 	 Best Test Loss: 0.00960 	 Best epoch 570
EarlyStopping counter: 41 out of 50
train epoch 776 avg loss: 0.01010 avg lploss: 0.00000
train epoch 777 avg loss: 0.01011 avg lploss: 0.00000
train epoch 778 avg loss: 0.01009 avg lploss: 0.00000
train epoch 779 avg loss: 0.01015 avg lploss: 0.00000
train epoch 780 avg loss: 0.01006 avg lploss: 0.00000
==> val epoch 780 avg loss: 0.01085 avg lploss: 0.00000
==> test epoch 780 avg loss: 0.04045 avg lploss: 0.00000
*** Best Val Loss: 0.01071 	 Best Test Loss: 0.00960 	 Best epoch 570
EarlyStopping counter: 42 out of 50
train epoch 781 avg loss: 0.01008 avg lploss: 0.00000
train epoch 782 avg loss: 0.01006 avg lploss: 0.00000
train epoch 783 avg loss: 0.01007 avg lploss: 0.00000
train epoch 784 avg loss: 0.01007 avg lploss: 0.00000
train epoch 785 avg loss: 0.01015 avg lploss: 0.00000
==> val epoch 785 avg loss: 0.01098 avg lploss: 0.00000
==> test epoch 785 avg loss: 0.04436 avg lploss: 0.00000
*** Best Val Loss: 0.01071 	 Best Test Loss: 0.00960 	 Best epoch 570
EarlyStopping counter: 43 out of 50
train epoch 786 avg loss: 0.01009 avg lploss: 0.00000
train epoch 787 avg loss: 0.01006 avg lploss: 0.00000
train epoch 788 avg loss: 0.01004 avg lploss: 0.00000
train epoch 789 avg loss: 0.01002 avg lploss: 0.00000
train epoch 790 avg loss: 0.01004 avg lploss: 0.00000
==> val epoch 790 avg loss: 0.01081 avg lploss: 0.00000
==> test epoch 790 avg loss: 0.05270 avg lploss: 0.00000
*** Best Val Loss: 0.01071 	 Best Test Loss: 0.00960 	 Best epoch 570
EarlyStopping counter: 44 out of 50
train epoch 791 avg loss: 0.01003 avg lploss: 0.00000
train epoch 792 avg loss: 0.01007 avg lploss: 0.00000
train epoch 793 avg loss: 0.01000 avg lploss: 0.00000
train epoch 794 avg loss: 0.01003 avg lploss: 0.00000
train epoch 795 avg loss: 0.01002 avg lploss: 0.00000
==> val epoch 795 avg loss: 0.01084 avg lploss: 0.00000
==> test epoch 795 avg loss: 0.05653 avg lploss: 0.00000
*** Best Val Loss: 0.01071 	 Best Test Loss: 0.00960 	 Best epoch 570
EarlyStopping counter: 45 out of 50
train epoch 796 avg loss: 0.01006 avg lploss: 0.00000
train epoch 797 avg loss: 0.01003 avg lploss: 0.00000
train epoch 798 avg loss: 0.01000 avg lploss: 0.00000
train epoch 799 avg loss: 0.00999 avg lploss: 0.00000
train epoch 800 avg loss: 0.01001 avg lploss: 0.00000
==> val epoch 800 avg loss: 0.01082 avg lploss: 0.00000
==> test epoch 800 avg loss: 0.06452 avg lploss: 0.00000
*** Best Val Loss: 0.01071 	 Best Test Loss: 0.00960 	 Best epoch 570
EarlyStopping counter: 46 out of 50
train epoch 801 avg loss: 0.00995 avg lploss: 0.00000
train epoch 802 avg loss: 0.01005 avg lploss: 0.00000
train epoch 803 avg loss: 0.00996 avg lploss: 0.00000
train epoch 804 avg loss: 0.01001 avg lploss: 0.00000
train epoch 805 avg loss: 0.00994 avg lploss: 0.00000
==> val epoch 805 avg loss: 0.01085 avg lploss: 0.00000
==> test epoch 805 avg loss: 0.04774 avg lploss: 0.00000
*** Best Val Loss: 0.01071 	 Best Test Loss: 0.00960 	 Best epoch 570
EarlyStopping counter: 47 out of 50
train epoch 806 avg loss: 0.01012 avg lploss: 0.00000
train epoch 807 avg loss: 0.00997 avg lploss: 0.00000
train epoch 808 avg loss: 0.01016 avg lploss: 0.00000
train epoch 809 avg loss: 0.01058 avg lploss: 0.00000
train epoch 810 avg loss: 0.01029 avg lploss: 0.00000
==> val epoch 810 avg loss: 0.01131 avg lploss: 0.00000
==> test epoch 810 avg loss: 0.06352 avg lploss: 0.00000
*** Best Val Loss: 0.01071 	 Best Test Loss: 0.00960 	 Best epoch 570
EarlyStopping counter: 48 out of 50
train epoch 811 avg loss: 0.01098 avg lploss: 0.00000
train epoch 812 avg loss: 0.01056 avg lploss: 0.00000
train epoch 813 avg loss: 0.01014 avg lploss: 0.00000
train epoch 814 avg loss: 0.01017 avg lploss: 0.00000
train epoch 815 avg loss: 0.00992 avg lploss: 0.00000
==> val epoch 815 avg loss: 0.01080 avg lploss: 0.00000
==> test epoch 815 avg loss: 0.03115 avg lploss: 0.00000
*** Best Val Loss: 0.01071 	 Best Test Loss: 0.00960 	 Best epoch 570
EarlyStopping counter: 49 out of 50
train epoch 816 avg loss: 0.00998 avg lploss: 0.00000
train epoch 817 avg loss: 0.01004 avg lploss: 0.00000
train epoch 818 avg loss: 0.00988 avg lploss: 0.00000
train epoch 819 avg loss: 0.00992 avg lploss: 0.00000
train epoch 820 avg loss: 0.00988 avg lploss: 0.00000
==> val epoch 820 avg loss: 0.01075 avg lploss: 0.00000
==> test epoch 820 avg loss: 0.02769 avg lploss: 0.00000
*** Best Val Loss: 0.01071 	 Best Test Loss: 0.00960 	 Best epoch 570
EarlyStopping counter: 50 out of 50
Early Stopping.
best_train_f_mse = 0.009587
best_val_f_mse = 0.010715
best_test_f_mse = 0.009599
best_test_a_mse = 0.006074
best_epoch = 570
best_train_f_mse = 0.009587, best_val_f_mse = 0.010715, best_test_f_mse = 0.009599, best_test_a_mse = 0.006074, best_epoch = 570
Training completed for seed 1 with EGNO-L P=5 train=1000
